{"/Users/ilariaventurini/accurat/colors-convert/dist/index.js": {"path":"/Users/ilariaventurini/accurat/colors-convert/dist/index.js","statementMap":{"0":{"start":{"line":2,"column":0},"end":{"line":2,"column":62}},"1":{"start":{"line":3,"column":14},"end":{"line":3,"column":38}},"2":{"start":{"line":4,"column":0},"end":{"line":4,"column":30}},"3":{"start":{"line":5,"column":0},"end":{"line":5,"column":30}},"4":{"start":{"line":6,"column":0},"end":{"line":6,"column":32}},"5":{"start":{"line":7,"column":0},"end":{"line":7,"column":32}},"6":{"start":{"line":8,"column":0},"end":{"line":8,"column":34}},"7":{"start":{"line":9,"column":20},"end":{"line":9,"column":48}},"8":{"start":{"line":10,"column":0},"end":{"line":10,"column":50}},"9":{"start":{"line":11,"column":0},"end":{"line":11,"column":56}},"10":{"start":{"line":12,"column":0},"end":{"line":12,"column":52}},"11":{"start":{"line":13,"column":0},"end":{"line":13,"column":42}},"12":{"start":{"line":14,"column":0},"end":{"line":14,"column":40}},"13":{"start":{"line":15,"column":0},"end":{"line":15,"column":58}},"14":{"start":{"line":16,"column":0},"end":{"line":16,"column":42}},"15":{"start":{"line":17,"column":15},"end":{"line":17,"column":38}},"16":{"start":{"line":18,"column":0},"end":{"line":18,"column":49}}},"fnMap":{},"branchMap":{},"s":{"0":3,"1":3,"2":3,"3":3,"4":3,"5":3,"6":3,"7":3,"8":3,"9":3,"10":3,"11":3,"12":3,"13":3,"14":3,"15":3,"16":3},"f":{},"b":{},"_coverageSchema":"43e27e138ebf9cfc5966b082cf9a028302ed4184","hash":"a9b1c7ec4d13aa330ed4afc35f79d5234f73f3c4"}
,"/Users/ilariaventurini/accurat/colors-convert/dist/lib/color-utils.js": {"path":"/Users/ilariaventurini/accurat/colors-convert/dist/lib/color-utils.js","statementMap":{"0":{"start":{"line":2,"column":15},"end":{"line":12,"column":1}},"1":{"start":{"line":3,"column":4},"end":{"line":10,"column":6}},"2":{"start":{"line":4,"column":8},"end":{"line":8,"column":9}},"3":{"start":{"line":4,"column":24},"end":{"line":4,"column":25}},"4":{"start":{"line":4,"column":31},"end":{"line":4,"column":47}},"5":{"start":{"line":5,"column":12},"end":{"line":5,"column":29}},"6":{"start":{"line":6,"column":12},"end":{"line":7,"column":28}},"7":{"start":{"line":6,"column":29},"end":{"line":7,"column":28}},"8":{"start":{"line":7,"column":16},"end":{"line":7,"column":28}},"9":{"start":{"line":9,"column":8},"end":{"line":9,"column":17}},"10":{"start":{"line":11,"column":4},"end":{"line":11,"column":43}},"11":{"start":{"line":13,"column":0},"end":{"line":13,"column":62}},"12":{"start":{"line":14,"column":14},"end":{"line":14,"column":39}},"13":{"start":{"line":15,"column":15},"end":{"line":15,"column":32}},"14":{"start":{"line":16,"column":14},"end":{"line":16,"column":37}},"15":{"start":{"line":18,"column":0},"end":{"line":37,"column":2}},"16":{"start":{"line":19,"column":4},"end":{"line":21,"column":5}},"17":{"start":{"line":20,"column":8},"end":{"line":20,"column":52}},"18":{"start":{"line":22,"column":4},"end":{"line":36,"column":5}},"19":{"start":{"line":23,"column":8},"end":{"line":23,"column":39}},"20":{"start":{"line":25,"column":9},"end":{"line":36,"column":5}},"21":{"start":{"line":26,"column":8},"end":{"line":26,"column":57}},"22":{"start":{"line":28,"column":9},"end":{"line":36,"column":5}},"23":{"start":{"line":29,"column":8},"end":{"line":29,"column":74}},"24":{"start":{"line":31,"column":9},"end":{"line":36,"column":5}},"25":{"start":{"line":32,"column":8},"end":{"line":32,"column":83}},"26":{"start":{"line":35,"column":8},"end":{"line":35,"column":66}},"27":{"start":{"line":39,"column":0},"end":{"line":58,"column":2}},"28":{"start":{"line":40,"column":4},"end":{"line":42,"column":5}},"29":{"start":{"line":41,"column":8},"end":{"line":41,"column":52}},"30":{"start":{"line":43,"column":4},"end":{"line":57,"column":5}},"31":{"start":{"line":44,"column":8},"end":{"line":44,"column":39}},"32":{"start":{"line":46,"column":9},"end":{"line":57,"column":5}},"33":{"start":{"line":47,"column":8},"end":{"line":47,"column":72}},"34":{"start":{"line":49,"column":9},"end":{"line":57,"column":5}},"35":{"start":{"line":50,"column":8},"end":{"line":50,"column":90}},"36":{"start":{"line":52,"column":9},"end":{"line":57,"column":5}},"37":{"start":{"line":53,"column":8},"end":{"line":53,"column":94}},"38":{"start":{"line":56,"column":8},"end":{"line":56,"column":66}},"39":{"start":{"line":60,"column":0},"end":{"line":83,"column":2}},"40":{"start":{"line":61,"column":4},"end":{"line":63,"column":5}},"41":{"start":{"line":62,"column":8},"end":{"line":62,"column":54}},"42":{"start":{"line":64,"column":18},"end":{"line":64,"column":70}},"43":{"start":{"line":66,"column":13},"end":{"line":66,"column":37}},"44":{"start":{"line":66,"column":54},"end":{"line":66,"column":59}},"45":{"start":{"line":66,"column":69},"end":{"line":66,"column":74}},"46":{"start":{"line":66,"column":83},"end":{"line":66,"column":88}},"47":{"start":{"line":66,"column":100},"end":{"line":66,"column":105}},"48":{"start":{"line":67,"column":4},"end":{"line":82,"column":5}},"49":{"start":{"line":68,"column":20},"end":{"line":68,"column":45}},"50":{"start":{"line":69,"column":18},"end":{"line":69,"column":77}},"51":{"start":{"line":70,"column":8},"end":{"line":76,"column":9}},"52":{"start":{"line":71,"column":24},"end":{"line":71,"column":70}},"53":{"start":{"line":72,"column":12},"end":{"line":72,"column":61}},"54":{"start":{"line":75,"column":12},"end":{"line":75,"column":23}},"55":{"start":{"line":80,"column":17},"end":{"line":80,"column":126}},"56":{"start":{"line":80,"column":50},"end":{"line":80,"column":80}},"57":{"start":{"line":80,"column":103},"end":{"line":80,"column":123}},"58":{"start":{"line":80,"column":132},"end":{"line":80,"column":137}},"59":{"start":{"line":80,"column":143},"end":{"line":80,"column":148}},"60":{"start":{"line":80,"column":154},"end":{"line":80,"column":159}},"61":{"start":{"line":81,"column":8},"end":{"line":81,"column":36}},"62":{"start":{"line":85,"column":0},"end":{"line":103,"column":2}},"63":{"start":{"line":86,"column":4},"end":{"line":86,"column":40}},"64":{"start":{"line":86,"column":28},"end":{"line":86,"column":38}},"65":{"start":{"line":87,"column":4},"end":{"line":89,"column":5}},"66":{"start":{"line":88,"column":8},"end":{"line":88,"column":54}},"67":{"start":{"line":90,"column":4},"end":{"line":92,"column":5}},"68":{"start":{"line":91,"column":8},"end":{"line":91,"column":64}},"69":{"start":{"line":93,"column":20},"end":{"line":93,"column":46}},"70":{"start":{"line":94,"column":4},"end":{"line":102,"column":5}},"71":{"start":{"line":95,"column":8},"end":{"line":95,"column":63}},"72":{"start":{"line":97,"column":9},"end":{"line":102,"column":5}},"73":{"start":{"line":98,"column":8},"end":{"line":98,"column":25}},"74":{"start":{"line":101,"column":8},"end":{"line":101,"column":65}},"75":{"start":{"line":105,"column":0},"end":{"line":118,"column":2}},"76":{"start":{"line":106,"column":4},"end":{"line":108,"column":5}},"77":{"start":{"line":107,"column":8},"end":{"line":107,"column":54}},"78":{"start":{"line":109,"column":12},"end":{"line":109,"column":17}},"79":{"start":{"line":109,"column":23},"end":{"line":109,"column":28}},"80":{"start":{"line":109,"column":34},"end":{"line":109,"column":39}},"81":{"start":{"line":110,"column":14},"end":{"line":116,"column":17}},"82":{"start":{"line":112,"column":18},"end":{"line":112,"column":36}},"83":{"start":{"line":113,"column":24},"end":{"line":113,"column":58}},"84":{"start":{"line":114,"column":8},"end":{"line":114,"column":25}},"85":{"start":{"line":117,"column":4},"end":{"line":117,"column":21}},"86":{"start":{"line":120,"column":0},"end":{"line":131,"column":2}},"87":{"start":{"line":121,"column":4},"end":{"line":123,"column":5}},"88":{"start":{"line":122,"column":8},"end":{"line":122,"column":54}},"89":{"start":{"line":124,"column":4},"end":{"line":126,"column":5}},"90":{"start":{"line":125,"column":8},"end":{"line":125,"column":64}},"91":{"start":{"line":127,"column":19},"end":{"line":127,"column":42}},"92":{"start":{"line":128,"column":19},"end":{"line":128,"column":40}},"93":{"start":{"line":129,"column":25},"end":{"line":129,"column":74}},"94":{"start":{"line":130,"column":4},"end":{"line":130,"column":37}},"95":{"start":{"line":135,"column":0},"end":{"line":157,"column":2}},"96":{"start":{"line":136,"column":4},"end":{"line":138,"column":5}},"97":{"start":{"line":137,"column":8},"end":{"line":137,"column":54}},"98":{"start":{"line":139,"column":13},"end":{"line":139,"column":34}},"99":{"start":{"line":139,"column":40},"end":{"line":139,"column":44}},"100":{"start":{"line":139,"column":50},"end":{"line":139,"column":54}},"101":{"start":{"line":139,"column":60},"end":{"line":139,"column":64}},"102":{"start":{"line":140,"column":12},"end":{"line":140,"column":13}},"103":{"start":{"line":141,"column":12},"end":{"line":141,"column":13}},"104":{"start":{"line":142,"column":12},"end":{"line":142,"column":13}},"105":{"start":{"line":143,"column":12},"end":{"line":143,"column":13}},"106":{"start":{"line":144,"column":4},"end":{"line":147,"column":5}},"107":{"start":{"line":145,"column":8},"end":{"line":145,"column":14}},"108":{"start":{"line":146,"column":8},"end":{"line":146,"column":42}},"109":{"start":{"line":148,"column":4},"end":{"line":148,"column":20}},"110":{"start":{"line":149,"column":4},"end":{"line":149,"column":20}},"111":{"start":{"line":150,"column":4},"end":{"line":150,"column":20}},"112":{"start":{"line":151,"column":17},"end":{"line":151,"column":44}},"113":{"start":{"line":152,"column":4},"end":{"line":152,"column":36}},"114":{"start":{"line":153,"column":4},"end":{"line":153,"column":36}},"115":{"start":{"line":154,"column":4},"end":{"line":154,"column":36}},"116":{"start":{"line":155,"column":4},"end":{"line":155,"column":15}},"117":{"start":{"line":156,"column":4},"end":{"line":156,"column":38}}},"fnMap":{"0":{"name":"(anonymous_0)","decl":{"start":{"line":2,"column":42},"end":{"line":2,"column":43}},"loc":{"start":{"line":2,"column":54},"end":{"line":12,"column":1}},"line":2},"1":{"name":"(anonymous_1)","decl":{"start":{"line":3,"column":32},"end":{"line":3,"column":33}},"loc":{"start":{"line":3,"column":44},"end":{"line":10,"column":5}},"line":3},"2":{"name":"(anonymous_2)","decl":{"start":{"line":18,"column":23},"end":{"line":18,"column":24}},"loc":{"start":{"line":18,"column":40},"end":{"line":37,"column":1}},"line":18},"3":{"name":"(anonymous_3)","decl":{"start":{"line":39,"column":26},"end":{"line":39,"column":27}},"loc":{"start":{"line":39,"column":43},"end":{"line":58,"column":1}},"line":39},"4":{"name":"(anonymous_4)","decl":{"start":{"line":60,"column":24},"end":{"line":60,"column":25}},"loc":{"start":{"line":60,"column":39},"end":{"line":83,"column":1}},"line":60},"5":{"name":"(anonymous_5)","decl":{"start":{"line":80,"column":35},"end":{"line":80,"column":36}},"loc":{"start":{"line":80,"column":48},"end":{"line":80,"column":82}},"line":80},"6":{"name":"(anonymous_6)","decl":{"start":{"line":80,"column":88},"end":{"line":80,"column":89}},"loc":{"start":{"line":80,"column":101},"end":{"line":80,"column":125}},"line":80},"7":{"name":"(anonymous_7)","decl":{"start":{"line":85,"column":19},"end":{"line":85,"column":20}},"loc":{"start":{"line":85,"column":41},"end":{"line":103,"column":1}},"line":85},"8":{"name":"(anonymous_8)","decl":{"start":{"line":105,"column":18},"end":{"line":105,"column":19}},"loc":{"start":{"line":105,"column":33},"end":{"line":118,"column":1}},"line":105},"9":{"name":"(anonymous_9)","decl":{"start":{"line":111,"column":13},"end":{"line":111,"column":14}},"loc":{"start":{"line":111,"column":30},"end":{"line":115,"column":5}},"line":111},"10":{"name":"(anonymous_10)","decl":{"start":{"line":120,"column":27},"end":{"line":120,"column":28}},"loc":{"start":{"line":120,"column":49},"end":{"line":131,"column":1}},"line":120},"11":{"name":"(anonymous_11)","decl":{"start":{"line":135,"column":19},"end":{"line":135,"column":20}},"loc":{"start":{"line":135,"column":34},"end":{"line":157,"column":1}},"line":135}},"branchMap":{"0":{"loc":{"start":{"line":2,"column":15},"end":{"line":12,"column":1}},"type":"binary-expr","locations":[{"start":{"line":2,"column":16},"end":{"line":2,"column":20}},{"start":{"line":2,"column":24},"end":{"line":2,"column":37}},{"start":{"line":2,"column":42},"end":{"line":12,"column":1}}],"line":2},"1":{"loc":{"start":{"line":3,"column":15},"end":{"line":10,"column":5}},"type":"binary-expr","locations":[{"start":{"line":3,"column":15},"end":{"line":3,"column":28}},{"start":{"line":3,"column":32},"end":{"line":10,"column":5}}],"line":3},"2":{"loc":{"start":{"line":6,"column":29},"end":{"line":7,"column":28}},"type":"if","locations":[{"start":{"line":6,"column":29},"end":{"line":7,"column":28}},{"start":{"line":6,"column":29},"end":{"line":7,"column":28}}],"line":6},"3":{"loc":{"start":{"line":19,"column":4},"end":{"line":21,"column":5}},"type":"if","locations":[{"start":{"line":19,"column":4},"end":{"line":21,"column":5}},{"start":{"line":19,"column":4},"end":{"line":21,"column":5}}],"line":19},"4":{"loc":{"start":{"line":22,"column":4},"end":{"line":36,"column":5}},"type":"if","locations":[{"start":{"line":22,"column":4},"end":{"line":36,"column":5}},{"start":{"line":22,"column":4},"end":{"line":36,"column":5}}],"line":22},"5":{"loc":{"start":{"line":25,"column":9},"end":{"line":36,"column":5}},"type":"if","locations":[{"start":{"line":25,"column":9},"end":{"line":36,"column":5}},{"start":{"line":25,"column":9},"end":{"line":36,"column":5}}],"line":25},"6":{"loc":{"start":{"line":28,"column":9},"end":{"line":36,"column":5}},"type":"if","locations":[{"start":{"line":28,"column":9},"end":{"line":36,"column":5}},{"start":{"line":28,"column":9},"end":{"line":36,"column":5}}],"line":28},"7":{"loc":{"start":{"line":31,"column":9},"end":{"line":36,"column":5}},"type":"if","locations":[{"start":{"line":31,"column":9},"end":{"line":36,"column":5}},{"start":{"line":31,"column":9},"end":{"line":36,"column":5}}],"line":31},"8":{"loc":{"start":{"line":40,"column":4},"end":{"line":42,"column":5}},"type":"if","locations":[{"start":{"line":40,"column":4},"end":{"line":42,"column":5}},{"start":{"line":40,"column":4},"end":{"line":42,"column":5}}],"line":40},"9":{"loc":{"start":{"line":43,"column":4},"end":{"line":57,"column":5}},"type":"if","locations":[{"start":{"line":43,"column":4},"end":{"line":57,"column":5}},{"start":{"line":43,"column":4},"end":{"line":57,"column":5}}],"line":43},"10":{"loc":{"start":{"line":46,"column":9},"end":{"line":57,"column":5}},"type":"if","locations":[{"start":{"line":46,"column":9},"end":{"line":57,"column":5}},{"start":{"line":46,"column":9},"end":{"line":57,"column":5}}],"line":46},"11":{"loc":{"start":{"line":49,"column":9},"end":{"line":57,"column":5}},"type":"if","locations":[{"start":{"line":49,"column":9},"end":{"line":57,"column":5}},{"start":{"line":49,"column":9},"end":{"line":57,"column":5}}],"line":49},"12":{"loc":{"start":{"line":52,"column":9},"end":{"line":57,"column":5}},"type":"if","locations":[{"start":{"line":52,"column":9},"end":{"line":57,"column":5}},{"start":{"line":52,"column":9},"end":{"line":57,"column":5}}],"line":52},"13":{"loc":{"start":{"line":61,"column":4},"end":{"line":63,"column":5}},"type":"if","locations":[{"start":{"line":61,"column":4},"end":{"line":63,"column":5}},{"start":{"line":61,"column":4},"end":{"line":63,"column":5}}],"line":61},"14":{"loc":{"start":{"line":66,"column":13},"end":{"line":66,"column":37}},"type":"binary-expr","locations":[{"start":{"line":66,"column":13},"end":{"line":66,"column":31}},{"start":{"line":66,"column":35},"end":{"line":66,"column":37}}],"line":66},"15":{"loc":{"start":{"line":67,"column":4},"end":{"line":82,"column":5}},"type":"if","locations":[{"start":{"line":67,"column":4},"end":{"line":82,"column":5}},{"start":{"line":67,"column":4},"end":{"line":82,"column":5}}],"line":67},"16":{"loc":{"start":{"line":70,"column":8},"end":{"line":76,"column":9}},"type":"if","locations":[{"start":{"line":70,"column":8},"end":{"line":76,"column":9}},{"start":{"line":70,"column":8},"end":{"line":76,"column":9}}],"line":70},"17":{"loc":{"start":{"line":86,"column":4},"end":{"line":86,"column":40}},"type":"if","locations":[{"start":{"line":86,"column":4},"end":{"line":86,"column":40}},{"start":{"line":86,"column":4},"end":{"line":86,"column":40}}],"line":86},"18":{"loc":{"start":{"line":87,"column":4},"end":{"line":89,"column":5}},"type":"if","locations":[{"start":{"line":87,"column":4},"end":{"line":89,"column":5}},{"start":{"line":87,"column":4},"end":{"line":89,"column":5}}],"line":87},"19":{"loc":{"start":{"line":90,"column":4},"end":{"line":92,"column":5}},"type":"if","locations":[{"start":{"line":90,"column":4},"end":{"line":92,"column":5}},{"start":{"line":90,"column":4},"end":{"line":92,"column":5}}],"line":90},"20":{"loc":{"start":{"line":94,"column":4},"end":{"line":102,"column":5}},"type":"if","locations":[{"start":{"line":94,"column":4},"end":{"line":102,"column":5}},{"start":{"line":94,"column":4},"end":{"line":102,"column":5}}],"line":94},"21":{"loc":{"start":{"line":97,"column":9},"end":{"line":102,"column":5}},"type":"if","locations":[{"start":{"line":97,"column":9},"end":{"line":102,"column":5}},{"start":{"line":97,"column":9},"end":{"line":102,"column":5}}],"line":97},"22":{"loc":{"start":{"line":106,"column":4},"end":{"line":108,"column":5}},"type":"if","locations":[{"start":{"line":106,"column":4},"end":{"line":108,"column":5}},{"start":{"line":106,"column":4},"end":{"line":108,"column":5}}],"line":106},"23":{"loc":{"start":{"line":113,"column":24},"end":{"line":113,"column":58}},"type":"cond-expr","locations":[{"start":{"line":113,"column":43},"end":{"line":113,"column":52}},{"start":{"line":113,"column":55},"end":{"line":113,"column":58}}],"line":113},"24":{"loc":{"start":{"line":121,"column":4},"end":{"line":123,"column":5}},"type":"if","locations":[{"start":{"line":121,"column":4},"end":{"line":123,"column":5}},{"start":{"line":121,"column":4},"end":{"line":123,"column":5}}],"line":121},"25":{"loc":{"start":{"line":124,"column":4},"end":{"line":126,"column":5}},"type":"if","locations":[{"start":{"line":124,"column":4},"end":{"line":126,"column":5}},{"start":{"line":124,"column":4},"end":{"line":126,"column":5}}],"line":124},"26":{"loc":{"start":{"line":129,"column":25},"end":{"line":129,"column":74}},"type":"cond-expr","locations":[{"start":{"line":129,"column":49},"end":{"line":129,"column":63}},{"start":{"line":129,"column":66},"end":{"line":129,"column":74}}],"line":129},"27":{"loc":{"start":{"line":136,"column":4},"end":{"line":138,"column":5}},"type":"if","locations":[{"start":{"line":136,"column":4},"end":{"line":138,"column":5}},{"start":{"line":136,"column":4},"end":{"line":138,"column":5}}],"line":136},"28":{"loc":{"start":{"line":144,"column":4},"end":{"line":147,"column":5}},"type":"if","locations":[{"start":{"line":144,"column":4},"end":{"line":147,"column":5}},{"start":{"line":144,"column":4},"end":{"line":147,"column":5}}],"line":144},"29":{"loc":{"start":{"line":144,"column":8},"end":{"line":144,"column":37}},"type":"binary-expr","locations":[{"start":{"line":144,"column":8},"end":{"line":144,"column":15}},{"start":{"line":144,"column":19},"end":{"line":144,"column":26}},{"start":{"line":144,"column":30},"end":{"line":144,"column":37}}],"line":144}},"s":{"0":3,"1":2,"2":0,"3":0,"4":0,"5":0,"6":0,"7":0,"8":0,"9":0,"10":2,"11":3,"12":3,"13":3,"14":3,"15":3,"16":4,"17":0,"18":4,"19":1,"20":3,"21":1,"22":2,"23":1,"24":1,"25":1,"26":0,"27":3,"28":4,"29":0,"30":4,"31":1,"32":3,"33":1,"34":2,"35":1,"36":1,"37":1,"38":0,"39":3,"40":11,"41":0,"42":11,"43":11,"44":11,"45":11,"46":11,"47":11,"48":11,"49":10,"50":10,"51":10,"52":3,"53":3,"54":7,"55":1,"56":3,"57":3,"58":1,"59":1,"60":1,"61":1,"62":3,"63":9,"64":6,"65":9,"66":0,"67":9,"68":0,"69":9,"70":9,"71":7,"72":2,"73":2,"74":0,"75":3,"76":2,"77":0,"78":2,"79":2,"80":2,"81":2,"82":6,"83":6,"84":6,"85":2,"86":3,"87":3,"88":0,"89":3,"90":0,"91":3,"92":3,"93":3,"94":3,"95":3,"96":4,"97":0,"98":4,"99":4,"100":4,"101":4,"102":4,"103":4,"104":4,"105":4,"106":4,"107":3,"108":3,"109":1,"110":1,"111":1,"112":1,"113":1,"114":1,"115":1,"116":1,"117":1},"f":{"0":2,"1":0,"2":4,"3":4,"4":11,"5":3,"6":3,"7":9,"8":2,"9":6,"10":3,"11":4},"b":{"0":[3,3,3],"1":[2,0],"2":[0,0],"3":[0,4],"4":[1,3],"5":[1,2],"6":[1,1],"7":[1,0],"8":[0,4],"9":[1,3],"10":[1,2],"11":[1,1],"12":[1,0],"13":[0,11],"14":[11,0],"15":[10,1],"16":[3,7],"17":[6,3],"18":[0,9],"19":[0,9],"20":[7,2],"21":[2,0],"22":[0,2],"23":[3,3],"24":[0,3],"25":[0,3],"26":[1,2],"27":[0,4],"28":[3,1],"29":[4,3,3]},"_coverageSchema":"43e27e138ebf9cfc5966b082cf9a028302ed4184","hash":"6ba2f2558b8fea5227fdef1010b0fb3f7da36878"}
,"/Users/ilariaventurini/accurat/colors-convert/dist/lib/random.js": {"path":"/Users/ilariaventurini/accurat/colors-convert/dist/lib/random.js","statementMap":{"0":{"start":{"line":2,"column":0},"end":{"line":2,"column":62}},"1":{"start":{"line":7,"column":0},"end":{"line":14,"column":2}},"2":{"start":{"line":8,"column":19},"end":{"line":8,"column":37}},"3":{"start":{"line":9,"column":16},"end":{"line":9,"column":19}},"4":{"start":{"line":10,"column":4},"end":{"line":12,"column":5}},"5":{"start":{"line":10,"column":17},"end":{"line":10,"column":18}},"6":{"start":{"line":11,"column":8},"end":{"line":11,"column":58}},"7":{"start":{"line":13,"column":4},"end":{"line":13,"column":17}}},"fnMap":{"0":{"name":"(anonymous_0)","decl":{"start":{"line":7,"column":25},"end":{"line":7,"column":26}},"loc":{"start":{"line":7,"column":37},"end":{"line":14,"column":1}},"line":7}},"branchMap":{},"s":{"0":3,"1":3,"2":1,"3":1,"4":1,"5":1,"6":6,"7":1},"f":{"0":1},"b":{},"_coverageSchema":"43e27e138ebf9cfc5966b082cf9a028302ed4184","hash":"8921a91234a916a0916258efed2738d1aabae885"}
,"/Users/ilariaventurini/accurat/colors-convert/dist/lib/utils.js": {"path":"/Users/ilariaventurini/accurat/colors-convert/dist/lib/utils.js","statementMap":{"0":{"start":{"line":2,"column":0},"end":{"line":2,"column":62}},"1":{"start":{"line":3,"column":0},"end":{"line":7,"column":2}},"2":{"start":{"line":4,"column":14},"end":{"line":4,"column":41}},"3":{"start":{"line":5,"column":14},"end":{"line":5,"column":41}},"4":{"start":{"line":6,"column":4},"end":{"line":6,"column":40}},"5":{"start":{"line":8,"column":0},"end":{"line":8,"column":93}},"6":{"start":{"line":8,"column":40},"end":{"line":8,"column":90}}},"fnMap":{"0":{"name":"(anonymous_0)","decl":{"start":{"line":3,"column":18},"end":{"line":3,"column":19}},"loc":{"start":{"line":3,"column":42},"end":{"line":7,"column":1}},"line":3},"1":{"name":"(anonymous_1)","decl":{"start":{"line":8,"column":22},"end":{"line":8,"column":23}},"loc":{"start":{"line":8,"column":38},"end":{"line":8,"column":92}},"line":8}},"branchMap":{"0":{"loc":{"start":{"line":6,"column":11},"end":{"line":6,"column":39}},"type":"binary-expr","locations":[{"start":{"line":6,"column":11},"end":{"line":6,"column":23}},{"start":{"line":6,"column":27},"end":{"line":6,"column":39}}],"line":6}},"s":{"0":3,"1":3,"2":147,"3":147,"4":147,"5":3,"6":43},"f":{"0":147,"1":43},"b":{"0":[147,144]},"_coverageSchema":"43e27e138ebf9cfc5966b082cf9a028302ed4184","hash":"d363ab50a3cf91902f74df2fa9f66716d5988930"}
,"/Users/ilariaventurini/accurat/colors-convert/dist/types/types.js": {"path":"/Users/ilariaventurini/accurat/colors-convert/dist/types/types.js","statementMap":{"0":{"start":{"line":2,"column":0},"end":{"line":2,"column":62}},"1":{"start":{"line":3,"column":14},"end":{"line":3,"column":37}},"2":{"start":{"line":9,"column":14},"end":{"line":9,"column":52}},"3":{"start":{"line":10,"column":4},"end":{"line":10,"column":27}},"4":{"start":{"line":12,"column":0},"end":{"line":12,"column":22}},"5":{"start":{"line":15,"column":15},"end":{"line":15,"column":33}},"6":{"start":{"line":16,"column":4},"end":{"line":17,"column":21}},"7":{"start":{"line":17,"column":8},"end":{"line":17,"column":21}},"8":{"start":{"line":18,"column":4},"end":{"line":19,"column":21}},"9":{"start":{"line":19,"column":8},"end":{"line":19,"column":21}},"10":{"start":{"line":20,"column":18},"end":{"line":20,"column":108}},"11":{"start":{"line":20,"column":37},"end":{"line":20,"column":106}},"12":{"start":{"line":21,"column":12},"end":{"line":21,"column":28}},"13":{"start":{"line":22,"column":12},"end":{"line":22,"column":28}},"14":{"start":{"line":23,"column":12},"end":{"line":23,"column":28}},"15":{"start":{"line":24,"column":4},"end":{"line":24,"column":23}},"16":{"start":{"line":26,"column":0},"end":{"line":26,"column":22}},"17":{"start":{"line":31,"column":15},"end":{"line":31,"column":33}},"18":{"start":{"line":32,"column":4},"end":{"line":33,"column":21}},"19":{"start":{"line":33,"column":8},"end":{"line":33,"column":21}},"20":{"start":{"line":34,"column":4},"end":{"line":35,"column":21}},"21":{"start":{"line":35,"column":8},"end":{"line":35,"column":21}},"22":{"start":{"line":36,"column":18},"end":{"line":36,"column":108}},"23":{"start":{"line":36,"column":37},"end":{"line":36,"column":106}},"24":{"start":{"line":37,"column":12},"end":{"line":37,"column":28}},"25":{"start":{"line":38,"column":12},"end":{"line":38,"column":28}},"26":{"start":{"line":39,"column":12},"end":{"line":39,"column":28}},"27":{"start":{"line":40,"column":12},"end":{"line":40,"column":75}},"28":{"start":{"line":41,"column":4},"end":{"line":41,"column":28}},"29":{"start":{"line":43,"column":0},"end":{"line":43,"column":24}},"30":{"start":{"line":47,"column":15},"end":{"line":47,"column":33}},"31":{"start":{"line":48,"column":4},"end":{"line":49,"column":21}},"32":{"start":{"line":49,"column":8},"end":{"line":49,"column":21}},"33":{"start":{"line":50,"column":4},"end":{"line":51,"column":21}},"34":{"start":{"line":51,"column":8},"end":{"line":51,"column":21}},"35":{"start":{"line":52,"column":18},"end":{"line":52,"column":108}},"36":{"start":{"line":52,"column":37},"end":{"line":52,"column":106}},"37":{"start":{"line":53,"column":12},"end":{"line":53,"column":28}},"38":{"start":{"line":54,"column":12},"end":{"line":54,"column":28}},"39":{"start":{"line":55,"column":12},"end":{"line":55,"column":28}},"40":{"start":{"line":56,"column":12},"end":{"line":56,"column":28}},"41":{"start":{"line":57,"column":4},"end":{"line":57,"column":28}},"42":{"start":{"line":59,"column":0},"end":{"line":59,"column":24}},"43":{"start":{"line":61,"column":4},"end":{"line":61,"column":74}},"44":{"start":{"line":63,"column":0},"end":{"line":63,"column":26}}},"fnMap":{"0":{"name":"isHex","decl":{"start":{"line":8,"column":9},"end":{"line":8,"column":14}},"loc":{"start":{"line":8,"column":22},"end":{"line":11,"column":1}},"line":8},"1":{"name":"isRgb","decl":{"start":{"line":14,"column":9},"end":{"line":14,"column":14}},"loc":{"start":{"line":14,"column":22},"end":{"line":25,"column":1}},"line":14},"2":{"name":"(anonymous_2)","decl":{"start":{"line":20,"column":18},"end":{"line":20,"column":19}},"loc":{"start":{"line":20,"column":35},"end":{"line":20,"column":108}},"line":20},"3":{"name":"isRgba","decl":{"start":{"line":30,"column":9},"end":{"line":30,"column":15}},"loc":{"start":{"line":30,"column":23},"end":{"line":42,"column":1}},"line":30},"4":{"name":"(anonymous_4)","decl":{"start":{"line":36,"column":18},"end":{"line":36,"column":19}},"loc":{"start":{"line":36,"column":35},"end":{"line":36,"column":108}},"line":36},"5":{"name":"isCmyk","decl":{"start":{"line":46,"column":9},"end":{"line":46,"column":15}},"loc":{"start":{"line":46,"column":23},"end":{"line":58,"column":1}},"line":46},"6":{"name":"(anonymous_6)","decl":{"start":{"line":52,"column":18},"end":{"line":52,"column":19}},"loc":{"start":{"line":52,"column":35},"end":{"line":52,"column":108}},"line":52},"7":{"name":"isColor","decl":{"start":{"line":60,"column":9},"end":{"line":60,"column":16}},"loc":{"start":{"line":60,"column":24},"end":{"line":62,"column":1}},"line":60}},"branchMap":{"0":{"loc":{"start":{"line":16,"column":4},"end":{"line":17,"column":21}},"type":"if","locations":[{"start":{"line":16,"column":4},"end":{"line":17,"column":21}},{"start":{"line":16,"column":4},"end":{"line":17,"column":21}}],"line":16},"1":{"loc":{"start":{"line":18,"column":4},"end":{"line":19,"column":21}},"type":"if","locations":[{"start":{"line":18,"column":4},"end":{"line":19,"column":21}},{"start":{"line":18,"column":4},"end":{"line":19,"column":21}}],"line":18},"2":{"loc":{"start":{"line":20,"column":44},"end":{"line":20,"column":105}},"type":"binary-expr","locations":[{"start":{"line":20,"column":44},"end":{"line":20,"column":69}},{"start":{"line":20,"column":73},"end":{"line":20,"column":105}}],"line":20},"3":{"loc":{"start":{"line":24,"column":11},"end":{"line":24,"column":22}},"type":"binary-expr","locations":[{"start":{"line":24,"column":11},"end":{"line":24,"column":12}},{"start":{"line":24,"column":16},"end":{"line":24,"column":17}},{"start":{"line":24,"column":21},"end":{"line":24,"column":22}}],"line":24},"4":{"loc":{"start":{"line":32,"column":4},"end":{"line":33,"column":21}},"type":"if","locations":[{"start":{"line":32,"column":4},"end":{"line":33,"column":21}},{"start":{"line":32,"column":4},"end":{"line":33,"column":21}}],"line":32},"5":{"loc":{"start":{"line":34,"column":4},"end":{"line":35,"column":21}},"type":"if","locations":[{"start":{"line":34,"column":4},"end":{"line":35,"column":21}},{"start":{"line":34,"column":4},"end":{"line":35,"column":21}}],"line":34},"6":{"loc":{"start":{"line":36,"column":44},"end":{"line":36,"column":105}},"type":"binary-expr","locations":[{"start":{"line":36,"column":44},"end":{"line":36,"column":69}},{"start":{"line":36,"column":73},"end":{"line":36,"column":105}}],"line":36},"7":{"loc":{"start":{"line":40,"column":12},"end":{"line":40,"column":75}},"type":"binary-expr","locations":[{"start":{"line":40,"column":12},"end":{"line":40,"column":39}},{"start":{"line":40,"column":43},"end":{"line":40,"column":75}}],"line":40},"8":{"loc":{"start":{"line":41,"column":11},"end":{"line":41,"column":27}},"type":"binary-expr","locations":[{"start":{"line":41,"column":11},"end":{"line":41,"column":12}},{"start":{"line":41,"column":16},"end":{"line":41,"column":17}},{"start":{"line":41,"column":21},"end":{"line":41,"column":22}},{"start":{"line":41,"column":26},"end":{"line":41,"column":27}}],"line":41},"9":{"loc":{"start":{"line":48,"column":4},"end":{"line":49,"column":21}},"type":"if","locations":[{"start":{"line":48,"column":4},"end":{"line":49,"column":21}},{"start":{"line":48,"column":4},"end":{"line":49,"column":21}}],"line":48},"10":{"loc":{"start":{"line":50,"column":4},"end":{"line":51,"column":21}},"type":"if","locations":[{"start":{"line":50,"column":4},"end":{"line":51,"column":21}},{"start":{"line":50,"column":4},"end":{"line":51,"column":21}}],"line":50},"11":{"loc":{"start":{"line":52,"column":44},"end":{"line":52,"column":105}},"type":"binary-expr","locations":[{"start":{"line":52,"column":44},"end":{"line":52,"column":69}},{"start":{"line":52,"column":73},"end":{"line":52,"column":105}}],"line":52},"12":{"loc":{"start":{"line":57,"column":11},"end":{"line":57,"column":27}},"type":"binary-expr","locations":[{"start":{"line":57,"column":11},"end":{"line":57,"column":12}},{"start":{"line":57,"column":16},"end":{"line":57,"column":17}},{"start":{"line":57,"column":21},"end":{"line":57,"column":22}},{"start":{"line":57,"column":26},"end":{"line":57,"column":27}}],"line":57},"13":{"loc":{"start":{"line":61,"column":11},"end":{"line":61,"column":73}},"type":"binary-expr","locations":[{"start":{"line":61,"column":11},"end":{"line":61,"column":23}},{"start":{"line":61,"column":27},"end":{"line":61,"column":39}},{"start":{"line":61,"column":43},"end":{"line":61,"column":56}},{"start":{"line":61,"column":60},"end":{"line":61,"column":73}}],"line":61}},"s":{"0":3,"1":3,"2":60,"3":60,"4":3,"5":33,"6":33,"7":15,"8":18,"9":0,"10":18,"11":54,"12":18,"13":18,"14":18,"15":18,"16":3,"17":21,"18":21,"19":5,"20":16,"21":4,"22":12,"23":36,"24":12,"25":12,"26":12,"27":12,"28":12,"29":3,"30":14,"31":14,"32":5,"33":9,"34":0,"35":9,"36":36,"37":9,"38":9,"39":9,"40":9,"41":9,"42":3,"43":10,"44":3},"f":{"0":60,"1":33,"2":54,"3":21,"4":36,"5":14,"6":36,"7":10},"b":{"0":[15,18],"1":[0,18],"2":[54,53],"3":[18,15,15],"4":[5,16],"5":[4,12],"6":[36,35],"7":[12,12],"8":[12,9,9,9],"9":[5,9],"10":[0,9],"11":[36,35],"12":[9,6,6,6],"13":[10,7,5,3]},"_coverageSchema":"43e27e138ebf9cfc5966b082cf9a028302ed4184","hash":"0c8414d9477680c529ff792317e136042dd6402f"}
,"/Users/ilariaventurini/accurat/colors-convert/src/index.ts": {"path":"/Users/ilariaventurini/accurat/colors-convert/src/index.ts","statementMap":{"0":{"start":{"line":1,"column":0},"end":{"line":1,"column":9}},"1":{"start":{"line":1,"column":9},"end":{"line":1,"column":16}},"2":{"start":{"line":1,"column":16},"end":{"line":1,"column":23}},"3":{"start":{"line":1,"column":23},"end":{"line":1,"column":31}},"4":{"start":{"line":1,"column":31},"end":{"line":1,"column":39}},"5":{"start":{"line":1,"column":39},"end":{"line":1,"column":69}},"6":{"start":{"line":2,"column":0},"end":{"line":2,"column":null}},"7":{"start":{"line":3,"column":2},"end":{"line":3,"column":null}},"8":{"start":{"line":4,"column":2},"end":{"line":4,"column":null}},"9":{"start":{"line":5,"column":2},"end":{"line":5,"column":null}},"10":{"start":{"line":6,"column":2},"end":{"line":6,"column":null}},"11":{"start":{"line":7,"column":2},"end":{"line":7,"column":null}},"12":{"start":{"line":8,"column":2},"end":{"line":8,"column":null}},"13":{"start":{"line":9,"column":2},"end":{"line":9,"column":null}},"14":{"start":{"line":11,"column":0},"end":{"line":11,"column":9}},"15":{"start":{"line":11,"column":9},"end":{"line":11,"column":45}}},"fnMap":{},"branchMap":{},"s":{"0":3,"1":3,"2":3,"3":3,"4":3,"5":3,"6":3,"7":3,"8":3,"9":3,"10":3,"11":3,"12":3,"13":3,"14":3,"15":3},"f":{},"b":{}}
,"/Users/ilariaventurini/accurat/colors-convert/src/lib/color-utils.ts": {"path":"/Users/ilariaventurini/accurat/colors-convert/src/lib/color-utils.ts","statementMap":{"0":{"start":{"line":1,"column":0},"end":{"line":1,"column":99}},"1":{"start":{"line":2,"column":0},"end":{"line":2,"column":39}},"2":{"start":{"line":3,"column":0},"end":{"line":3,"column":38}},"3":{"start":{"line":6,"column":13},"end":{"line":22,"column":null}},"4":{"start":{"line":7,"column":2},"end":{"line":9,"column":null}},"5":{"start":{"line":8,"column":4},"end":{"line":8,"column":null}},"6":{"start":{"line":11,"column":2},"end":{"line":21,"column":null}},"7":{"start":{"line":12,"column":4},"end":{"line":12,"column":null}},"8":{"start":{"line":13,"column":9},"end":{"line":21,"column":null}},"9":{"start":{"line":14,"column":4},"end":{"line":14,"column":null}},"10":{"start":{"line":15,"column":9},"end":{"line":21,"column":null}},"11":{"start":{"line":16,"column":4},"end":{"line":16,"column":null}},"12":{"start":{"line":17,"column":9},"end":{"line":21,"column":null}},"13":{"start":{"line":18,"column":4},"end":{"line":18,"column":null}},"14":{"start":{"line":20,"column":4},"end":{"line":20,"column":null}},"15":{"start":{"line":25,"column":13},"end":{"line":41,"column":null}},"16":{"start":{"line":26,"column":2},"end":{"line":28,"column":null}},"17":{"start":{"line":27,"column":4},"end":{"line":27,"column":null}},"18":{"start":{"line":30,"column":2},"end":{"line":40,"column":null}},"19":{"start":{"line":31,"column":4},"end":{"line":31,"column":null}},"20":{"start":{"line":32,"column":9},"end":{"line":40,"column":null}},"21":{"start":{"line":33,"column":4},"end":{"line":33,"column":null}},"22":{"start":{"line":34,"column":9},"end":{"line":40,"column":null}},"23":{"start":{"line":35,"column":4},"end":{"line":35,"column":null}},"24":{"start":{"line":36,"column":9},"end":{"line":40,"column":null}},"25":{"start":{"line":37,"column":4},"end":{"line":37,"column":null}},"26":{"start":{"line":39,"column":4},"end":{"line":39,"column":null}},"27":{"start":{"line":44,"column":13},"end":{"line":66,"column":null}},"28":{"start":{"line":45,"column":2},"end":{"line":47,"column":null}},"29":{"start":{"line":46,"column":4},"end":{"line":46,"column":null}},"30":{"start":{"line":49,"column":18},"end":{"line":49,"column":70}},"31":{"start":{"line":51,"column":8},"end":{"line":51,"column":9}},"32":{"start":{"line":51,"column":9},"end":{"line":51,"column":21}},"33":{"start":{"line":51,"column":23},"end":{"line":51,"column":28}},"34":{"start":{"line":51,"column":30},"end":{"line":51,"column":34}},"35":{"start":{"line":51,"column":36},"end":{"line":51,"column":71}},"36":{"start":{"line":52,"column":2},"end":{"line":65,"column":null}},"37":{"start":{"line":53,"column":18},"end":{"line":53,"column":43}},"38":{"start":{"line":54,"column":16},"end":{"line":54,"column":75}},"39":{"start":{"line":55,"column":4},"end":{"line":60,"column":null}},"40":{"start":{"line":56,"column":20},"end":{"line":56,"column":57}},"41":{"start":{"line":57,"column":6},"end":{"line":57,"column":33}},"42":{"start":{"line":59,"column":6},"end":{"line":59,"column":null}},"43":{"start":{"line":63,"column":10},"end":{"line":63,"column":11}},"44":{"start":{"line":63,"column":11},"end":{"line":63,"column":12}},"45":{"start":{"line":63,"column":14},"end":{"line":63,"column":15}},"46":{"start":{"line":63,"column":17},"end":{"line":63,"column":91}},"47":{"start":{"line":64,"column":4},"end":{"line":64,"column":null}},"48":{"start":{"line":69,"column":13},"end":{"line":86,"column":null}},"49":{"start":{"line":69,"column":35},"end":{"line":69,"column":null}},"50":{"start":{"line":70,"column":2},"end":{"line":72,"column":null}},"51":{"start":{"line":71,"column":4},"end":{"line":71,"column":null}},"52":{"start":{"line":74,"column":2},"end":{"line":76,"column":null}},"53":{"start":{"line":75,"column":4},"end":{"line":75,"column":null}},"54":{"start":{"line":78,"column":20},"end":{"line":78,"column":38}},"55":{"start":{"line":79,"column":2},"end":{"line":85,"column":null}},"56":{"start":{"line":80,"column":4},"end":{"line":80,"column":37}},"57":{"start":{"line":81,"column":9},"end":{"line":85,"column":null}},"58":{"start":{"line":82,"column":4},"end":{"line":82,"column":null}},"59":{"start":{"line":84,"column":4},"end":{"line":84,"column":null}},"60":{"start":{"line":89,"column":13},"end":{"line":103,"column":null}},"61":{"start":{"line":90,"column":2},"end":{"line":92,"column":null}},"62":{"start":{"line":91,"column":4},"end":{"line":91,"column":null}},"63":{"start":{"line":94,"column":10},"end":{"line":94,"column":11}},"64":{"start":{"line":94,"column":13},"end":{"line":94,"column":14}},"65":{"start":{"line":94,"column":16},"end":{"line":94,"column":17}},"66":{"start":{"line":95,"column":14},"end":{"line":101,"column":13}},"67":{"start":{"line":97,"column":18},"end":{"line":97,"column":36}},"68":{"start":{"line":98,"column":24},"end":{"line":98,"column":58}},"69":{"start":{"line":99,"column":6},"end":{"line":99,"column":null}},"70":{"start":{"line":102,"column":2},"end":{"line":102,"column":null}},"71":{"start":{"line":106,"column":13},"end":{"line":119,"column":null}},"72":{"start":{"line":107,"column":2},"end":{"line":109,"column":null}},"73":{"start":{"line":108,"column":4},"end":{"line":108,"column":null}},"74":{"start":{"line":111,"column":2},"end":{"line":113,"column":null}},"75":{"start":{"line":112,"column":4},"end":{"line":112,"column":null}},"76":{"start":{"line":115,"column":19},"end":{"line":115,"column":42}},"77":{"start":{"line":116,"column":19},"end":{"line":116,"column":40}},"78":{"start":{"line":117,"column":25},"end":{"line":117,"column":74}},"79":{"start":{"line":118,"column":2},"end":{"line":118,"column":null}},"80":{"start":{"line":124,"column":13},"end":{"line":149,"column":null}},"81":{"start":{"line":125,"column":2},"end":{"line":127,"column":null}},"82":{"start":{"line":126,"column":4},"end":{"line":126,"column":null}},"83":{"start":{"line":129,"column":25},"end":{"line":129,"column":44}},"84":{"start":{"line":131,"column":8},"end":{"line":131,"column":10}},"85":{"start":{"line":131,"column":10},"end":{"line":131,"column":11}},"86":{"start":{"line":131,"column":13},"end":{"line":131,"column":14}},"87":{"start":{"line":131,"column":16},"end":{"line":131,"column":46}},"88":{"start":{"line":132,"column":10},"end":{"line":132,"column":11}},"89":{"start":{"line":133,"column":10},"end":{"line":133,"column":11}},"90":{"start":{"line":134,"column":10},"end":{"line":134,"column":11}},"91":{"start":{"line":135,"column":10},"end":{"line":135,"column":11}},"92":{"start":{"line":136,"column":2},"end":{"line":139,"column":null}},"93":{"start":{"line":137,"column":4},"end":{"line":137,"column":null}},"94":{"start":{"line":138,"column":4},"end":{"line":138,"column":null}},"95":{"start":{"line":140,"column":2},"end":{"line":140,"column":null}},"96":{"start":{"line":141,"column":2},"end":{"line":141,"column":null}},"97":{"start":{"line":142,"column":2},"end":{"line":142,"column":null}},"98":{"start":{"line":143,"column":17},"end":{"line":143,"column":44}},"99":{"start":{"line":144,"column":2},"end":{"line":144,"column":null}},"100":{"start":{"line":145,"column":2},"end":{"line":145,"column":null}},"101":{"start":{"line":146,"column":2},"end":{"line":146,"column":null}},"102":{"start":{"line":147,"column":2},"end":{"line":147,"column":null}},"103":{"start":{"line":148,"column":2},"end":{"line":148,"column":null}}},"fnMap":{"0":{"name":"(anonymous_2)","decl":{"start":{"line":6,"column":28},"end":{"line":6,"column":29}},"loc":{"start":{"line":6,"column":41},"end":{"line":22,"column":1}}},"1":{"name":"(anonymous_3)","decl":{"start":{"line":25,"column":31},"end":{"line":25,"column":32}},"loc":{"start":{"line":25,"column":44},"end":{"line":41,"column":1}}},"2":{"name":"(anonymous_4)","decl":{"start":{"line":44,"column":29},"end":{"line":44,"column":30}},"loc":{"start":{"line":44,"column":38},"end":{"line":66,"column":1}}},"3":{"name":"(anonymous_5)","decl":{"start":{"line":63,"column":10},"end":{"line":63,"column":11}},"loc":{"start":{"line":63,"column":10},"end":{"line":63,"column":11}}},"4":{"name":"(anonymous_7)","decl":{"start":{"line":69,"column":24},"end":{"line":69,"column":25}},"loc":{"start":{"line":69,"column":44},"end":{"line":86,"column":1}}},"5":{"name":"(anonymous_8)","decl":{"start":{"line":89,"column":23},"end":{"line":89,"column":24}},"loc":{"start":{"line":89,"column":32},"end":{"line":103,"column":1}}},"6":{"name":"(anonymous_9)","decl":{"start":{"line":96,"column":9},"end":{"line":96,"column":14}},"loc":{"start":{"line":96,"column":14},"end":{"line":100,"column":5}}},"7":{"name":"(anonymous_10)","decl":{"start":{"line":106,"column":32},"end":{"line":106,"column":33}},"loc":{"start":{"line":106,"column":56},"end":{"line":119,"column":1}}},"8":{"name":"(anonymous_11)","decl":{"start":{"line":124,"column":24},"end":{"line":124,"column":25}},"loc":{"start":{"line":124,"column":33},"end":{"line":149,"column":1}}}},"branchMap":{"0":{"loc":{"start":{"line":7,"column":2},"end":{"line":9,"column":null}},"type":"if","locations":[{"start":{"line":7,"column":2},"end":{"line":9,"column":null}},{"start":{"line":7,"column":2},"end":{"line":9,"column":null}}]},"1":{"loc":{"start":{"line":11,"column":2},"end":{"line":21,"column":null}},"type":"if","locations":[{"start":{"line":11,"column":2},"end":{"line":21,"column":null}},{"start":{"line":11,"column":2},"end":{"line":21,"column":null}}]},"2":{"loc":{"start":{"line":13,"column":9},"end":{"line":21,"column":null}},"type":"if","locations":[{"start":{"line":13,"column":9},"end":{"line":21,"column":null}},{"start":{"line":13,"column":9},"end":{"line":21,"column":null}}]},"3":{"loc":{"start":{"line":15,"column":9},"end":{"line":21,"column":null}},"type":"if","locations":[{"start":{"line":15,"column":9},"end":{"line":21,"column":null}},{"start":{"line":15,"column":9},"end":{"line":21,"column":null}}]},"4":{"loc":{"start":{"line":17,"column":9},"end":{"line":21,"column":null}},"type":"if","locations":[{"start":{"line":17,"column":9},"end":{"line":21,"column":null}},{"start":{"line":17,"column":9},"end":{"line":21,"column":null}}]},"5":{"loc":{"start":{"line":26,"column":2},"end":{"line":28,"column":null}},"type":"if","locations":[{"start":{"line":26,"column":2},"end":{"line":28,"column":null}},{"start":{"line":26,"column":2},"end":{"line":28,"column":null}}]},"6":{"loc":{"start":{"line":30,"column":2},"end":{"line":40,"column":null}},"type":"if","locations":[{"start":{"line":30,"column":2},"end":{"line":40,"column":null}},{"start":{"line":30,"column":2},"end":{"line":40,"column":null}}]},"7":{"loc":{"start":{"line":32,"column":9},"end":{"line":40,"column":null}},"type":"if","locations":[{"start":{"line":32,"column":9},"end":{"line":40,"column":null}},{"start":{"line":32,"column":9},"end":{"line":40,"column":null}}]},"8":{"loc":{"start":{"line":34,"column":9},"end":{"line":40,"column":null}},"type":"if","locations":[{"start":{"line":34,"column":9},"end":{"line":40,"column":null}},{"start":{"line":34,"column":9},"end":{"line":40,"column":null}}]},"9":{"loc":{"start":{"line":36,"column":9},"end":{"line":40,"column":null}},"type":"if","locations":[{"start":{"line":36,"column":9},"end":{"line":40,"column":null}},{"start":{"line":36,"column":9},"end":{"line":40,"column":null}}]},"10":{"loc":{"start":{"line":45,"column":2},"end":{"line":47,"column":null}},"type":"if","locations":[{"start":{"line":45,"column":2},"end":{"line":47,"column":null}},{"start":{"line":45,"column":2},"end":{"line":47,"column":null}}]},"11":{"loc":{"start":{"line":51,"column":8},"end":{"line":51,"column":9}},"type":"binary-expr","locations":[{"start":{"line":51,"column":8},"end":{"line":51,"column":9}},{"start":{"line":51,"column":8},"end":{"line":51,"column":9}}]},"12":{"loc":{"start":{"line":52,"column":2},"end":{"line":65,"column":null}},"type":"if","locations":[{"start":{"line":52,"column":2},"end":{"line":65,"column":null}},{"start":{"line":52,"column":2},"end":{"line":65,"column":null}}]},"13":{"loc":{"start":{"line":55,"column":4},"end":{"line":60,"column":null}},"type":"if","locations":[{"start":{"line":55,"column":4},"end":{"line":60,"column":null}},{"start":{"line":55,"column":4},"end":{"line":60,"column":null}}]},"14":{"loc":{"start":{"line":69,"column":35},"end":{"line":69,"column":null}},"type":"if","locations":[{"start":{"line":69,"column":35},"end":{"line":69,"column":null}},{"start":{"line":69,"column":35},"end":{"line":69,"column":null}}]},"15":{"loc":{"start":{"line":70,"column":2},"end":{"line":72,"column":null}},"type":"if","locations":[{"start":{"line":70,"column":2},"end":{"line":72,"column":null}},{"start":{"line":70,"column":2},"end":{"line":72,"column":null}}]},"16":{"loc":{"start":{"line":74,"column":2},"end":{"line":76,"column":null}},"type":"if","locations":[{"start":{"line":74,"column":2},"end":{"line":76,"column":null}},{"start":{"line":74,"column":2},"end":{"line":76,"column":null}}]},"17":{"loc":{"start":{"line":79,"column":2},"end":{"line":85,"column":null}},"type":"if","locations":[{"start":{"line":79,"column":2},"end":{"line":85,"column":null}},{"start":{"line":79,"column":2},"end":{"line":85,"column":null}}]},"18":{"loc":{"start":{"line":81,"column":9},"end":{"line":85,"column":null}},"type":"if","locations":[{"start":{"line":81,"column":9},"end":{"line":85,"column":null}},{"start":{"line":81,"column":9},"end":{"line":85,"column":null}}]},"19":{"loc":{"start":{"line":90,"column":2},"end":{"line":92,"column":null}},"type":"if","locations":[{"start":{"line":90,"column":2},"end":{"line":92,"column":null}},{"start":{"line":90,"column":2},"end":{"line":92,"column":null}}]},"20":{"loc":{"start":{"line":98,"column":43},"end":{"line":98,"column":52}},"type":"cond-expr","locations":[{"start":{"line":98,"column":43},"end":{"line":98,"column":52}},{"start":{"line":98,"column":55},"end":{"line":98,"column":58}}]},"21":{"loc":{"start":{"line":107,"column":2},"end":{"line":109,"column":null}},"type":"if","locations":[{"start":{"line":107,"column":2},"end":{"line":109,"column":null}},{"start":{"line":107,"column":2},"end":{"line":109,"column":null}}]},"22":{"loc":{"start":{"line":111,"column":2},"end":{"line":113,"column":null}},"type":"if","locations":[{"start":{"line":111,"column":2},"end":{"line":113,"column":null}},{"start":{"line":111,"column":2},"end":{"line":113,"column":null}}]},"23":{"loc":{"start":{"line":117,"column":49},"end":{"line":117,"column":63}},"type":"cond-expr","locations":[{"start":{"line":117,"column":49},"end":{"line":117,"column":63}},{"start":{"line":117,"column":66},"end":{"line":117,"column":74}}]},"24":{"loc":{"start":{"line":125,"column":2},"end":{"line":127,"column":null}},"type":"if","locations":[{"start":{"line":125,"column":2},"end":{"line":127,"column":null}},{"start":{"line":125,"column":2},"end":{"line":127,"column":null}}]},"25":{"loc":{"start":{"line":136,"column":2},"end":{"line":139,"column":null}},"type":"if","locations":[{"start":{"line":136,"column":2},"end":{"line":139,"column":null}},{"start":{"line":136,"column":2},"end":{"line":139,"column":null}}]},"26":{"loc":{"start":{"line":136,"column":6},"end":{"line":136,"column":13}},"type":"binary-expr","locations":[{"start":{"line":136,"column":6},"end":{"line":136,"column":13}},{"start":{"line":136,"column":17},"end":{"line":136,"column":24}},{"start":{"line":136,"column":28},"end":{"line":136,"column":35}}]}},"s":{"0":3,"1":3,"2":3,"3":3,"4":4,"5":0,"6":4,"7":1,"8":3,"9":1,"10":2,"11":1,"12":1,"13":1,"14":0,"15":3,"16":4,"17":0,"18":4,"19":1,"20":3,"21":1,"22":2,"23":1,"24":1,"25":1,"26":0,"27":3,"28":10,"29":0,"30":10,"31":10,"32":10,"33":10,"34":10,"35":10,"36":10,"37":9,"38":9,"39":9,"40":2,"41":2,"42":7,"43":7,"44":1,"45":1,"46":1,"47":1,"48":3,"49":13,"50":8,"51":0,"52":8,"53":0,"54":8,"55":8,"56":7,"57":1,"58":1,"59":0,"60":3,"61":2,"62":0,"63":2,"64":2,"65":2,"66":2,"67":6,"68":6,"69":6,"70":2,"71":3,"72":3,"73":0,"74":3,"75":0,"76":3,"77":3,"78":3,"79":3,"80":3,"81":3,"82":0,"83":3,"84":3,"85":3,"86":3,"87":3,"88":3,"89":3,"90":3,"91":3,"92":3,"93":2,"94":2,"95":1,"96":1,"97":1,"98":1,"99":1,"100":1,"101":1,"102":1,"103":1},"f":{"0":4,"1":4,"2":10,"3":6,"4":8,"5":2,"6":6,"7":3,"8":3},"b":{"0":[0,4],"1":[1,3],"2":[1,2],"3":[1,1],"4":[1,0],"5":[0,4],"6":[1,3],"7":[1,2],"8":[1,1],"9":[1,0],"10":[0,10],"11":[10,0],"12":[9,1],"13":[2,7],"14":[5,3],"15":[0,8],"16":[0,8],"17":[7,1],"18":[1,0],"19":[0,2],"20":[3,3],"21":[0,3],"22":[0,3],"23":[1,2],"24":[0,3],"25":[2,1],"26":[3,2,2]}}
,"/Users/ilariaventurini/accurat/colors-convert/src/lib/random.ts": {"path":"/Users/ilariaventurini/accurat/colors-convert/src/lib/random.ts","statementMap":{"0":{"start":{"line":7,"column":13},"end":{"line":14,"column":null}},"1":{"start":{"line":8,"column":19},"end":{"line":8,"column":37}},"2":{"start":{"line":9,"column":14},"end":{"line":9,"column":17}},"3":{"start":{"line":10,"column":2},"end":{"line":12,"column":null}},"4":{"start":{"line":10,"column":15},"end":{"line":10,"column":16}},"5":{"start":{"line":11,"column":4},"end":{"line":11,"column":null}},"6":{"start":{"line":13,"column":2},"end":{"line":13,"column":null}}},"fnMap":{"0":{"name":"(anonymous_0)","decl":{"start":{"line":7,"column":30},"end":{"line":7,"column":null}},"loc":{"start":{"line":7,"column":30},"end":{"line":14,"column":1}}}},"branchMap":{},"s":{"0":3,"1":1,"2":1,"3":1,"4":1,"5":6,"6":1},"f":{"0":1},"b":{}}
,"/Users/ilariaventurini/accurat/colors-convert/src/lib/utils.ts": {"path":"/Users/ilariaventurini/accurat/colors-convert/src/lib/utils.ts","statementMap":{"0":{"start":{"line":1,"column":13},"end":{"line":5,"column":null}},"1":{"start":{"line":2,"column":14},"end":{"line":2,"column":32}},"2":{"start":{"line":3,"column":14},"end":{"line":3,"column":32}},"3":{"start":{"line":4,"column":2},"end":{"line":4,"column":null}},"4":{"start":{"line":7,"column":13},"end":{"line":7,"column":null}},"5":{"start":{"line":7,"column":51},"end":{"line":7,"column":null}}},"fnMap":{"0":{"name":"(anonymous_0)","decl":{"start":{"line":1,"column":23},"end":{"line":1,"column":24}},"loc":{"start":{"line":1,"column":62},"end":{"line":5,"column":1}}},"1":{"name":"(anonymous_1)","decl":{"start":{"line":7,"column":27},"end":{"line":7,"column":28}},"loc":{"start":{"line":7,"column":46},"end":{"line":7,"column":52}}}},"branchMap":{"0":{"loc":{"start":{"line":4,"column":9},"end":{"line":4,"column":21}},"type":"binary-expr","locations":[{"start":{"line":4,"column":9},"end":{"line":4,"column":21}},{"start":{"line":4,"column":25},"end":{"line":4,"column":37}}]}},"s":{"0":3,"1":142,"2":142,"3":142,"4":3,"5":42},"f":{"0":142,"1":42},"b":{"0":[142,139]}}
,"/Users/ilariaventurini/accurat/colors-convert/src/types/types.ts": {"path":"/Users/ilariaventurini/accurat/colors-convert/src/types/types.ts","statementMap":{"0":{"start":{"line":1,"column":0},"end":{"line":1,"column":51}},"1":{"start":{"line":15,"column":14},"end":{"line":15,"column":52}},"2":{"start":{"line":16,"column":2},"end":{"line":16,"column":null}},"3":{"start":{"line":14,"column":0},"end":{"line":14,"column":16}},"4":{"start":{"line":21,"column":15},"end":{"line":21,"column":33}},"5":{"start":{"line":22,"column":2},"end":{"line":22,"column":null}},"6":{"start":{"line":22,"column":25},"end":{"line":22,"column":null}},"7":{"start":{"line":23,"column":2},"end":{"line":23,"column":null}},"8":{"start":{"line":23,"column":43},"end":{"line":23,"column":null}},"9":{"start":{"line":24,"column":18},"end":{"line":24,"column":41}},"10":{"start":{"line":24,"column":34},"end":{"line":24,"column":null}},"11":{"start":{"line":25,"column":12},"end":{"line":25,"column":28}},"12":{"start":{"line":26,"column":12},"end":{"line":26,"column":28}},"13":{"start":{"line":27,"column":12},"end":{"line":27,"column":28}},"14":{"start":{"line":28,"column":2},"end":{"line":28,"column":null}},"15":{"start":{"line":20,"column":0},"end":{"line":20,"column":16}},"16":{"start":{"line":35,"column":15},"end":{"line":35,"column":33}},"17":{"start":{"line":36,"column":2},"end":{"line":36,"column":null}},"18":{"start":{"line":36,"column":25},"end":{"line":36,"column":null}},"19":{"start":{"line":37,"column":2},"end":{"line":37,"column":null}},"20":{"start":{"line":37,"column":48},"end":{"line":37,"column":null}},"21":{"start":{"line":38,"column":18},"end":{"line":38,"column":41}},"22":{"start":{"line":38,"column":34},"end":{"line":38,"column":null}},"23":{"start":{"line":39,"column":12},"end":{"line":39,"column":28}},"24":{"start":{"line":40,"column":12},"end":{"line":40,"column":28}},"25":{"start":{"line":41,"column":12},"end":{"line":41,"column":28}},"26":{"start":{"line":42,"column":12},"end":{"line":42,"column":67}},"27":{"start":{"line":43,"column":2},"end":{"line":43,"column":null}},"28":{"start":{"line":34,"column":0},"end":{"line":34,"column":16}},"29":{"start":{"line":49,"column":15},"end":{"line":49,"column":33}},"30":{"start":{"line":50,"column":2},"end":{"line":50,"column":null}},"31":{"start":{"line":50,"column":25},"end":{"line":50,"column":null}},"32":{"start":{"line":51,"column":2},"end":{"line":51,"column":null}},"33":{"start":{"line":51,"column":48},"end":{"line":51,"column":null}},"34":{"start":{"line":52,"column":18},"end":{"line":52,"column":41}},"35":{"start":{"line":52,"column":34},"end":{"line":52,"column":null}},"36":{"start":{"line":53,"column":12},"end":{"line":53,"column":28}},"37":{"start":{"line":54,"column":12},"end":{"line":54,"column":28}},"38":{"start":{"line":55,"column":12},"end":{"line":55,"column":28}},"39":{"start":{"line":56,"column":12},"end":{"line":56,"column":28}},"40":{"start":{"line":57,"column":2},"end":{"line":57,"column":null}},"41":{"start":{"line":48,"column":0},"end":{"line":48,"column":16}},"42":{"start":{"line":61,"column":2},"end":{"line":61,"column":null}},"43":{"start":{"line":60,"column":0},"end":{"line":60,"column":16}}},"fnMap":{"0":{"name":"isHex","decl":{"start":{"line":14,"column":16},"end":{"line":14,"column":21}},"loc":{"start":{"line":14,"column":32},"end":{"line":17,"column":1}}},"1":{"name":"isRgb","decl":{"start":{"line":20,"column":16},"end":{"line":20,"column":21}},"loc":{"start":{"line":20,"column":32},"end":{"line":29,"column":1}}},"2":{"name":"(anonymous_2)","decl":{"start":{"line":24,"column":18},"end":{"line":24,"column":19}},"loc":{"start":{"line":24,"column":29},"end":{"line":24,"column":41}}},"3":{"name":"isRgba","decl":{"start":{"line":34,"column":16},"end":{"line":34,"column":22}},"loc":{"start":{"line":34,"column":33},"end":{"line":44,"column":1}}},"4":{"name":"(anonymous_4)","decl":{"start":{"line":38,"column":18},"end":{"line":38,"column":19}},"loc":{"start":{"line":38,"column":29},"end":{"line":38,"column":41}}},"5":{"name":"isCmyk","decl":{"start":{"line":48,"column":16},"end":{"line":48,"column":22}},"loc":{"start":{"line":48,"column":33},"end":{"line":58,"column":1}}},"6":{"name":"(anonymous_6)","decl":{"start":{"line":52,"column":18},"end":{"line":52,"column":19}},"loc":{"start":{"line":52,"column":29},"end":{"line":52,"column":41}}},"7":{"name":"isColor","decl":{"start":{"line":60,"column":16},"end":{"line":60,"column":23}},"loc":{"start":{"line":60,"column":34},"end":{"line":62,"column":1}}}},"branchMap":{"0":{"loc":{"start":{"line":22,"column":2},"end":{"line":22,"column":null}},"type":"if","locations":[{"start":{"line":22,"column":2},"end":{"line":22,"column":null}},{"start":{"line":22,"column":2},"end":{"line":22,"column":null}}]},"1":{"loc":{"start":{"line":23,"column":2},"end":{"line":23,"column":null}},"type":"if","locations":[{"start":{"line":23,"column":2},"end":{"line":23,"column":null}},{"start":{"line":23,"column":2},"end":{"line":23,"column":null}}]},"2":{"loc":{"start":{"line":24,"column":34},"end":{"line":24,"column":59}},"type":"binary-expr","locations":[{"start":{"line":24,"column":34},"end":{"line":24,"column":59}},{"start":{"line":24,"column":63},"end":{"line":24,"column":87}}]},"3":{"loc":{"start":{"line":28,"column":9},"end":{"line":28,"column":10}},"type":"binary-expr","locations":[{"start":{"line":28,"column":9},"end":{"line":28,"column":10}},{"start":{"line":28,"column":14},"end":{"line":28,"column":15}},{"start":{"line":28,"column":19},"end":{"line":28,"column":20}}]},"4":{"loc":{"start":{"line":36,"column":2},"end":{"line":36,"column":null}},"type":"if","locations":[{"start":{"line":36,"column":2},"end":{"line":36,"column":null}},{"start":{"line":36,"column":2},"end":{"line":36,"column":null}}]},"5":{"loc":{"start":{"line":37,"column":2},"end":{"line":37,"column":null}},"type":"if","locations":[{"start":{"line":37,"column":2},"end":{"line":37,"column":null}},{"start":{"line":37,"column":2},"end":{"line":37,"column":null}}]},"6":{"loc":{"start":{"line":38,"column":34},"end":{"line":38,"column":59}},"type":"binary-expr","locations":[{"start":{"line":38,"column":34},"end":{"line":38,"column":59}},{"start":{"line":38,"column":63},"end":{"line":38,"column":87}}]},"7":{"loc":{"start":{"line":42,"column":12},"end":{"line":42,"column":39}},"type":"binary-expr","locations":[{"start":{"line":42,"column":12},"end":{"line":42,"column":39}},{"start":{"line":42,"column":43},"end":{"line":42,"column":67}}]},"8":{"loc":{"start":{"line":43,"column":9},"end":{"line":43,"column":10}},"type":"binary-expr","locations":[{"start":{"line":43,"column":9},"end":{"line":43,"column":10}},{"start":{"line":43,"column":14},"end":{"line":43,"column":15}},{"start":{"line":43,"column":19},"end":{"line":43,"column":20}},{"start":{"line":43,"column":24},"end":{"line":43,"column":25}}]},"9":{"loc":{"start":{"line":50,"column":2},"end":{"line":50,"column":null}},"type":"if","locations":[{"start":{"line":50,"column":2},"end":{"line":50,"column":null}},{"start":{"line":50,"column":2},"end":{"line":50,"column":null}}]},"10":{"loc":{"start":{"line":51,"column":2},"end":{"line":51,"column":null}},"type":"if","locations":[{"start":{"line":51,"column":2},"end":{"line":51,"column":null}},{"start":{"line":51,"column":2},"end":{"line":51,"column":null}}]},"11":{"loc":{"start":{"line":52,"column":34},"end":{"line":52,"column":59}},"type":"binary-expr","locations":[{"start":{"line":52,"column":34},"end":{"line":52,"column":59}},{"start":{"line":52,"column":63},"end":{"line":52,"column":87}}]},"12":{"loc":{"start":{"line":57,"column":9},"end":{"line":57,"column":10}},"type":"binary-expr","locations":[{"start":{"line":57,"column":9},"end":{"line":57,"column":10}},{"start":{"line":57,"column":14},"end":{"line":57,"column":15}},{"start":{"line":57,"column":19},"end":{"line":57,"column":20}},{"start":{"line":57,"column":24},"end":{"line":57,"column":25}}]},"13":{"loc":{"start":{"line":61,"column":9},"end":{"line":61,"column":21}},"type":"binary-expr","locations":[{"start":{"line":61,"column":9},"end":{"line":61,"column":21}},{"start":{"line":61,"column":25},"end":{"line":61,"column":37}},{"start":{"line":61,"column":41},"end":{"line":61,"column":54}},{"start":{"line":61,"column":58},"end":{"line":61,"column":71}}]}},"s":{"0":3,"1":57,"2":57,"3":3,"4":32,"5":32,"6":14,"7":18,"8":0,"9":18,"10":54,"11":18,"12":18,"13":18,"14":18,"15":3,"16":20,"17":20,"18":5,"19":15,"20":4,"21":11,"22":33,"23":11,"24":11,"25":11,"26":11,"27":11,"28":3,"29":14,"30":14,"31":5,"32":9,"33":0,"34":9,"35":36,"36":9,"37":9,"38":9,"39":9,"40":9,"41":3,"42":10,"43":3},"f":{"0":57,"1":32,"2":54,"3":20,"4":33,"5":14,"6":36,"7":10},"b":{"0":[14,18],"1":[0,18],"2":[54,53],"3":[18,15,15],"4":[5,15],"5":[4,11],"6":[33,32],"7":[11,11],"8":[11,8,8,8],"9":[5,9],"10":[0,9],"11":[36,35],"12":[9,6,6,6],"13":[10,7,5,3]}}
}
