{"/Users/ilariaventurini/accurat/colors-convert/src/index.ts": {"path":"/Users/ilariaventurini/accurat/colors-convert/src/index.ts","statementMap":{"0":{"start":{"line":1,"column":0},"end":{"line":1,"column":9}},"1":{"start":{"line":1,"column":9},"end":{"line":1,"column":16}},"2":{"start":{"line":1,"column":16},"end":{"line":1,"column":23}},"3":{"start":{"line":1,"column":23},"end":{"line":1,"column":31}},"4":{"start":{"line":1,"column":31},"end":{"line":1,"column":39}},"5":{"start":{"line":1,"column":39},"end":{"line":1,"column":69}},"6":{"start":{"line":2,"column":0},"end":{"line":2,"column":null}},"7":{"start":{"line":3,"column":2},"end":{"line":3,"column":null}},"8":{"start":{"line":4,"column":2},"end":{"line":4,"column":null}},"9":{"start":{"line":5,"column":2},"end":{"line":5,"column":null}},"10":{"start":{"line":6,"column":2},"end":{"line":6,"column":null}},"11":{"start":{"line":7,"column":2},"end":{"line":7,"column":null}},"12":{"start":{"line":8,"column":2},"end":{"line":8,"column":null}},"13":{"start":{"line":10,"column":2},"end":{"line":10,"column":null}},"14":{"start":{"line":12,"column":0},"end":{"line":12,"column":9}},"15":{"start":{"line":12,"column":9},"end":{"line":12,"column":45}}},"fnMap":{},"branchMap":{},"s":{"0":3,"1":3,"2":3,"3":3,"4":3,"5":3,"6":3,"7":3,"8":3,"9":3,"10":3,"11":3,"12":3,"13":3,"14":3,"15":3},"f":{},"b":{}}
,"/Users/ilariaventurini/accurat/colors-convert/src/lib/color-utils.ts": {"path":"/Users/ilariaventurini/accurat/colors-convert/src/lib/color-utils.ts","statementMap":{"0":{"start":{"line":1,"column":0},"end":{"line":1,"column":99}},"1":{"start":{"line":2,"column":0},"end":{"line":2,"column":39}},"2":{"start":{"line":3,"column":0},"end":{"line":3,"column":61}},"3":{"start":{"line":6,"column":13},"end":{"line":22,"column":null}},"4":{"start":{"line":7,"column":2},"end":{"line":9,"column":null}},"5":{"start":{"line":8,"column":4},"end":{"line":8,"column":null}},"6":{"start":{"line":11,"column":2},"end":{"line":21,"column":null}},"7":{"start":{"line":12,"column":4},"end":{"line":12,"column":null}},"8":{"start":{"line":13,"column":9},"end":{"line":21,"column":null}},"9":{"start":{"line":14,"column":4},"end":{"line":14,"column":null}},"10":{"start":{"line":15,"column":9},"end":{"line":21,"column":null}},"11":{"start":{"line":16,"column":4},"end":{"line":16,"column":null}},"12":{"start":{"line":17,"column":9},"end":{"line":21,"column":null}},"13":{"start":{"line":18,"column":4},"end":{"line":18,"column":null}},"14":{"start":{"line":20,"column":4},"end":{"line":20,"column":null}},"15":{"start":{"line":25,"column":13},"end":{"line":41,"column":null}},"16":{"start":{"line":26,"column":2},"end":{"line":28,"column":null}},"17":{"start":{"line":27,"column":4},"end":{"line":27,"column":null}},"18":{"start":{"line":30,"column":2},"end":{"line":40,"column":null}},"19":{"start":{"line":31,"column":4},"end":{"line":31,"column":null}},"20":{"start":{"line":32,"column":9},"end":{"line":40,"column":null}},"21":{"start":{"line":33,"column":4},"end":{"line":33,"column":null}},"22":{"start":{"line":34,"column":9},"end":{"line":40,"column":null}},"23":{"start":{"line":35,"column":4},"end":{"line":35,"column":null}},"24":{"start":{"line":36,"column":9},"end":{"line":40,"column":null}},"25":{"start":{"line":37,"column":4},"end":{"line":37,"column":null}},"26":{"start":{"line":39,"column":4},"end":{"line":39,"column":null}},"27":{"start":{"line":44,"column":13},"end":{"line":66,"column":null}},"28":{"start":{"line":45,"column":2},"end":{"line":47,"column":null}},"29":{"start":{"line":46,"column":4},"end":{"line":46,"column":null}},"30":{"start":{"line":49,"column":18},"end":{"line":49,"column":70}},"31":{"start":{"line":51,"column":8},"end":{"line":51,"column":9}},"32":{"start":{"line":51,"column":9},"end":{"line":51,"column":21}},"33":{"start":{"line":51,"column":23},"end":{"line":51,"column":28}},"34":{"start":{"line":51,"column":30},"end":{"line":51,"column":34}},"35":{"start":{"line":51,"column":36},"end":{"line":51,"column":71}},"36":{"start":{"line":52,"column":2},"end":{"line":65,"column":null}},"37":{"start":{"line":53,"column":18},"end":{"line":53,"column":43}},"38":{"start":{"line":54,"column":16},"end":{"line":54,"column":75}},"39":{"start":{"line":55,"column":4},"end":{"line":60,"column":null}},"40":{"start":{"line":56,"column":20},"end":{"line":56,"column":57}},"41":{"start":{"line":57,"column":6},"end":{"line":57,"column":33}},"42":{"start":{"line":59,"column":6},"end":{"line":59,"column":null}},"43":{"start":{"line":63,"column":10},"end":{"line":63,"column":11}},"44":{"start":{"line":63,"column":11},"end":{"line":63,"column":12}},"45":{"start":{"line":63,"column":14},"end":{"line":63,"column":15}},"46":{"start":{"line":63,"column":17},"end":{"line":63,"column":91}},"47":{"start":{"line":64,"column":4},"end":{"line":64,"column":null}},"48":{"start":{"line":69,"column":13},"end":{"line":86,"column":null}},"49":{"start":{"line":69,"column":35},"end":{"line":69,"column":null}},"50":{"start":{"line":70,"column":2},"end":{"line":72,"column":null}},"51":{"start":{"line":71,"column":4},"end":{"line":71,"column":null}},"52":{"start":{"line":74,"column":2},"end":{"line":76,"column":null}},"53":{"start":{"line":75,"column":4},"end":{"line":75,"column":null}},"54":{"start":{"line":78,"column":20},"end":{"line":78,"column":38}},"55":{"start":{"line":79,"column":2},"end":{"line":85,"column":null}},"56":{"start":{"line":80,"column":4},"end":{"line":80,"column":37}},"57":{"start":{"line":81,"column":9},"end":{"line":85,"column":null}},"58":{"start":{"line":82,"column":4},"end":{"line":82,"column":null}},"59":{"start":{"line":84,"column":4},"end":{"line":84,"column":null}},"60":{"start":{"line":89,"column":13},"end":{"line":103,"column":null}},"61":{"start":{"line":90,"column":2},"end":{"line":92,"column":null}},"62":{"start":{"line":91,"column":4},"end":{"line":91,"column":null}},"63":{"start":{"line":94,"column":10},"end":{"line":94,"column":11}},"64":{"start":{"line":94,"column":13},"end":{"line":94,"column":14}},"65":{"start":{"line":94,"column":16},"end":{"line":94,"column":17}},"66":{"start":{"line":95,"column":14},"end":{"line":101,"column":13}},"67":{"start":{"line":97,"column":18},"end":{"line":97,"column":36}},"68":{"start":{"line":98,"column":24},"end":{"line":98,"column":58}},"69":{"start":{"line":99,"column":6},"end":{"line":99,"column":null}},"70":{"start":{"line":102,"column":2},"end":{"line":102,"column":null}},"71":{"start":{"line":106,"column":13},"end":{"line":119,"column":null}},"72":{"start":{"line":107,"column":2},"end":{"line":109,"column":null}},"73":{"start":{"line":108,"column":4},"end":{"line":108,"column":null}},"74":{"start":{"line":111,"column":2},"end":{"line":113,"column":null}},"75":{"start":{"line":112,"column":4},"end":{"line":112,"column":null}},"76":{"start":{"line":115,"column":19},"end":{"line":115,"column":42}},"77":{"start":{"line":116,"column":19},"end":{"line":116,"column":40}},"78":{"start":{"line":117,"column":25},"end":{"line":117,"column":74}},"79":{"start":{"line":118,"column":2},"end":{"line":118,"column":null}},"80":{"start":{"line":122,"column":13},"end":{"line":146,"column":null}},"81":{"start":{"line":123,"column":2},"end":{"line":125,"column":null}},"82":{"start":{"line":124,"column":4},"end":{"line":124,"column":null}},"83":{"start":{"line":127,"column":10},"end":{"line":127,"column":11}},"84":{"start":{"line":127,"column":13},"end":{"line":127,"column":14}},"85":{"start":{"line":127,"column":16},"end":{"line":127,"column":17}},"86":{"start":{"line":130,"column":14},"end":{"line":130,"column":21}},"87":{"start":{"line":131,"column":14},"end":{"line":131,"column":21}},"88":{"start":{"line":132,"column":14},"end":{"line":132,"column":21}},"89":{"start":{"line":134,"column":2},"end":{"line":136,"column":null}},"90":{"start":{"line":135,"column":4},"end":{"line":135,"column":null}},"91":{"start":{"line":138,"column":12},"end":{"line":138,"column":39}},"92":{"start":{"line":139,"column":12},"end":{"line":139,"column":35}},"93":{"start":{"line":140,"column":12},"end":{"line":140,"column":35}},"94":{"start":{"line":141,"column":12},"end":{"line":141,"column":35}},"95":{"start":{"line":143,"column":22},"end":{"line":143,"column":98}},"96":{"start":{"line":143,"column":75},"end":{"line":143,"column":98}},"97":{"start":{"line":145,"column":2},"end":{"line":145,"column":null}}},"fnMap":{"0":{"name":"(anonymous_2)","decl":{"start":{"line":6,"column":28},"end":{"line":6,"column":29}},"loc":{"start":{"line":6,"column":41},"end":{"line":22,"column":1}}},"1":{"name":"(anonymous_3)","decl":{"start":{"line":25,"column":31},"end":{"line":25,"column":32}},"loc":{"start":{"line":25,"column":44},"end":{"line":41,"column":1}}},"2":{"name":"(anonymous_4)","decl":{"start":{"line":44,"column":29},"end":{"line":44,"column":30}},"loc":{"start":{"line":44,"column":38},"end":{"line":66,"column":1}}},"3":{"name":"(anonymous_5)","decl":{"start":{"line":63,"column":10},"end":{"line":63,"column":11}},"loc":{"start":{"line":63,"column":10},"end":{"line":63,"column":11}}},"4":{"name":"(anonymous_7)","decl":{"start":{"line":69,"column":24},"end":{"line":69,"column":25}},"loc":{"start":{"line":69,"column":44},"end":{"line":86,"column":1}}},"5":{"name":"(anonymous_8)","decl":{"start":{"line":89,"column":23},"end":{"line":89,"column":24}},"loc":{"start":{"line":89,"column":32},"end":{"line":103,"column":1}}},"6":{"name":"(anonymous_9)","decl":{"start":{"line":96,"column":9},"end":{"line":96,"column":14}},"loc":{"start":{"line":96,"column":14},"end":{"line":100,"column":5}}},"7":{"name":"(anonymous_10)","decl":{"start":{"line":106,"column":32},"end":{"line":106,"column":33}},"loc":{"start":{"line":106,"column":56},"end":{"line":119,"column":1}}},"8":{"name":"(anonymous_11)","decl":{"start":{"line":122,"column":24},"end":{"line":122,"column":25}},"loc":{"start":{"line":122,"column":33},"end":{"line":146,"column":1}}},"9":{"name":"(anonymous_12)","decl":{"start":{"line":143,"column":60},"end":{"line":143,"column":61}},"loc":{"start":{"line":143,"column":70},"end":{"line":143,"column":80}}}},"branchMap":{"0":{"loc":{"start":{"line":7,"column":2},"end":{"line":9,"column":null}},"type":"if","locations":[{"start":{"line":7,"column":2},"end":{"line":9,"column":null}},{"start":{"line":7,"column":2},"end":{"line":9,"column":null}}]},"1":{"loc":{"start":{"line":11,"column":2},"end":{"line":21,"column":null}},"type":"if","locations":[{"start":{"line":11,"column":2},"end":{"line":21,"column":null}},{"start":{"line":11,"column":2},"end":{"line":21,"column":null}}]},"2":{"loc":{"start":{"line":13,"column":9},"end":{"line":21,"column":null}},"type":"if","locations":[{"start":{"line":13,"column":9},"end":{"line":21,"column":null}},{"start":{"line":13,"column":9},"end":{"line":21,"column":null}}]},"3":{"loc":{"start":{"line":15,"column":9},"end":{"line":21,"column":null}},"type":"if","locations":[{"start":{"line":15,"column":9},"end":{"line":21,"column":null}},{"start":{"line":15,"column":9},"end":{"line":21,"column":null}}]},"4":{"loc":{"start":{"line":17,"column":9},"end":{"line":21,"column":null}},"type":"if","locations":[{"start":{"line":17,"column":9},"end":{"line":21,"column":null}},{"start":{"line":17,"column":9},"end":{"line":21,"column":null}}]},"5":{"loc":{"start":{"line":26,"column":2},"end":{"line":28,"column":null}},"type":"if","locations":[{"start":{"line":26,"column":2},"end":{"line":28,"column":null}},{"start":{"line":26,"column":2},"end":{"line":28,"column":null}}]},"6":{"loc":{"start":{"line":30,"column":2},"end":{"line":40,"column":null}},"type":"if","locations":[{"start":{"line":30,"column":2},"end":{"line":40,"column":null}},{"start":{"line":30,"column":2},"end":{"line":40,"column":null}}]},"7":{"loc":{"start":{"line":32,"column":9},"end":{"line":40,"column":null}},"type":"if","locations":[{"start":{"line":32,"column":9},"end":{"line":40,"column":null}},{"start":{"line":32,"column":9},"end":{"line":40,"column":null}}]},"8":{"loc":{"start":{"line":34,"column":9},"end":{"line":40,"column":null}},"type":"if","locations":[{"start":{"line":34,"column":9},"end":{"line":40,"column":null}},{"start":{"line":34,"column":9},"end":{"line":40,"column":null}}]},"9":{"loc":{"start":{"line":36,"column":9},"end":{"line":40,"column":null}},"type":"if","locations":[{"start":{"line":36,"column":9},"end":{"line":40,"column":null}},{"start":{"line":36,"column":9},"end":{"line":40,"column":null}}]},"10":{"loc":{"start":{"line":45,"column":2},"end":{"line":47,"column":null}},"type":"if","locations":[{"start":{"line":45,"column":2},"end":{"line":47,"column":null}},{"start":{"line":45,"column":2},"end":{"line":47,"column":null}}]},"11":{"loc":{"start":{"line":51,"column":8},"end":{"line":51,"column":9}},"type":"binary-expr","locations":[{"start":{"line":51,"column":8},"end":{"line":51,"column":9}},{"start":{"line":51,"column":8},"end":{"line":51,"column":9}}]},"12":{"loc":{"start":{"line":52,"column":2},"end":{"line":65,"column":null}},"type":"if","locations":[{"start":{"line":52,"column":2},"end":{"line":65,"column":null}},{"start":{"line":52,"column":2},"end":{"line":65,"column":null}}]},"13":{"loc":{"start":{"line":55,"column":4},"end":{"line":60,"column":null}},"type":"if","locations":[{"start":{"line":55,"column":4},"end":{"line":60,"column":null}},{"start":{"line":55,"column":4},"end":{"line":60,"column":null}}]},"14":{"loc":{"start":{"line":69,"column":35},"end":{"line":69,"column":null}},"type":"if","locations":[{"start":{"line":69,"column":35},"end":{"line":69,"column":null}},{"start":{"line":69,"column":35},"end":{"line":69,"column":null}}]},"15":{"loc":{"start":{"line":70,"column":2},"end":{"line":72,"column":null}},"type":"if","locations":[{"start":{"line":70,"column":2},"end":{"line":72,"column":null}},{"start":{"line":70,"column":2},"end":{"line":72,"column":null}}]},"16":{"loc":{"start":{"line":74,"column":2},"end":{"line":76,"column":null}},"type":"if","locations":[{"start":{"line":74,"column":2},"end":{"line":76,"column":null}},{"start":{"line":74,"column":2},"end":{"line":76,"column":null}}]},"17":{"loc":{"start":{"line":79,"column":2},"end":{"line":85,"column":null}},"type":"if","locations":[{"start":{"line":79,"column":2},"end":{"line":85,"column":null}},{"start":{"line":79,"column":2},"end":{"line":85,"column":null}}]},"18":{"loc":{"start":{"line":81,"column":9},"end":{"line":85,"column":null}},"type":"if","locations":[{"start":{"line":81,"column":9},"end":{"line":85,"column":null}},{"start":{"line":81,"column":9},"end":{"line":85,"column":null}}]},"19":{"loc":{"start":{"line":90,"column":2},"end":{"line":92,"column":null}},"type":"if","locations":[{"start":{"line":90,"column":2},"end":{"line":92,"column":null}},{"start":{"line":90,"column":2},"end":{"line":92,"column":null}}]},"20":{"loc":{"start":{"line":98,"column":43},"end":{"line":98,"column":52}},"type":"cond-expr","locations":[{"start":{"line":98,"column":43},"end":{"line":98,"column":52}},{"start":{"line":98,"column":55},"end":{"line":98,"column":58}}]},"21":{"loc":{"start":{"line":107,"column":2},"end":{"line":109,"column":null}},"type":"if","locations":[{"start":{"line":107,"column":2},"end":{"line":109,"column":null}},{"start":{"line":107,"column":2},"end":{"line":109,"column":null}}]},"22":{"loc":{"start":{"line":111,"column":2},"end":{"line":113,"column":null}},"type":"if","locations":[{"start":{"line":111,"column":2},"end":{"line":113,"column":null}},{"start":{"line":111,"column":2},"end":{"line":113,"column":null}}]},"23":{"loc":{"start":{"line":117,"column":49},"end":{"line":117,"column":63}},"type":"cond-expr","locations":[{"start":{"line":117,"column":49},"end":{"line":117,"column":63}},{"start":{"line":117,"column":66},"end":{"line":117,"column":74}}]},"24":{"loc":{"start":{"line":123,"column":2},"end":{"line":125,"column":null}},"type":"if","locations":[{"start":{"line":123,"column":2},"end":{"line":125,"column":null}},{"start":{"line":123,"column":2},"end":{"line":125,"column":null}}]},"25":{"loc":{"start":{"line":134,"column":2},"end":{"line":136,"column":null}},"type":"if","locations":[{"start":{"line":134,"column":2},"end":{"line":136,"column":null}},{"start":{"line":134,"column":2},"end":{"line":136,"column":null}}]},"26":{"loc":{"start":{"line":134,"column":6},"end":{"line":134,"column":15}},"type":"binary-expr","locations":[{"start":{"line":134,"column":6},"end":{"line":134,"column":15}},{"start":{"line":134,"column":19},"end":{"line":134,"column":28}},{"start":{"line":134,"column":32},"end":{"line":134,"column":41}}]}},"s":{"0":3,"1":3,"2":3,"3":3,"4":4,"5":0,"6":4,"7":1,"8":3,"9":1,"10":2,"11":1,"12":1,"13":1,"14":0,"15":3,"16":4,"17":0,"18":4,"19":1,"20":3,"21":1,"22":2,"23":1,"24":1,"25":1,"26":0,"27":3,"28":7,"29":0,"30":7,"31":7,"32":7,"33":7,"34":7,"35":7,"36":7,"37":7,"38":7,"39":7,"40":2,"41":2,"42":5,"43":0,"44":0,"45":0,"46":0,"47":0,"48":3,"49":7,"50":5,"51":0,"52":5,"53":0,"54":5,"55":5,"56":4,"57":1,"58":1,"59":0,"60":3,"61":2,"62":0,"63":2,"64":2,"65":2,"66":2,"67":6,"68":6,"69":6,"70":2,"71":3,"72":3,"73":0,"74":3,"75":0,"76":3,"77":3,"78":3,"79":3,"80":3,"81":3,"82":0,"83":3,"84":3,"85":3,"86":3,"87":3,"88":3,"89":3,"90":1,"91":2,"92":2,"93":2,"94":2,"95":2,"96":8,"97":2},"f":{"0":4,"1":4,"2":7,"3":0,"4":5,"5":2,"6":6,"7":3,"8":3,"9":8},"b":{"0":[0,4],"1":[1,3],"2":[1,2],"3":[1,1],"4":[1,0],"5":[0,4],"6":[1,3],"7":[1,2],"8":[1,1],"9":[1,0],"10":[0,7],"11":[7,0],"12":[7,0],"13":[2,5],"14":[2,3],"15":[0,5],"16":[0,5],"17":[4,1],"18":[1,0],"19":[0,2],"20":[3,3],"21":[0,3],"22":[0,3],"23":[1,2],"24":[0,3],"25":[1,2],"26":[3,1,1]}}
,"/Users/ilariaventurini/accurat/colors-convert/src/lib/random.ts": {"path":"/Users/ilariaventurini/accurat/colors-convert/src/lib/random.ts","statementMap":{"0":{"start":{"line":7,"column":13},"end":{"line":14,"column":null}},"1":{"start":{"line":8,"column":19},"end":{"line":8,"column":37}},"2":{"start":{"line":9,"column":14},"end":{"line":9,"column":17}},"3":{"start":{"line":10,"column":2},"end":{"line":12,"column":null}},"4":{"start":{"line":10,"column":15},"end":{"line":10,"column":16}},"5":{"start":{"line":11,"column":4},"end":{"line":11,"column":null}},"6":{"start":{"line":13,"column":2},"end":{"line":13,"column":null}}},"fnMap":{"0":{"name":"(anonymous_0)","decl":{"start":{"line":7,"column":30},"end":{"line":7,"column":null}},"loc":{"start":{"line":7,"column":30},"end":{"line":14,"column":1}}}},"branchMap":{},"s":{"0":3,"1":1,"2":1,"3":1,"4":1,"5":6,"6":1},"f":{"0":1},"b":{}}
,"/Users/ilariaventurini/accurat/colors-convert/src/lib/utils.ts": {"path":"/Users/ilariaventurini/accurat/colors-convert/src/lib/utils.ts","statementMap":{"0":{"start":{"line":1,"column":13},"end":{"line":5,"column":null}},"1":{"start":{"line":2,"column":14},"end":{"line":2,"column":32}},"2":{"start":{"line":3,"column":14},"end":{"line":3,"column":32}},"3":{"start":{"line":4,"column":2},"end":{"line":4,"column":null}},"4":{"start":{"line":7,"column":13},"end":{"line":7,"column":null}},"5":{"start":{"line":7,"column":51},"end":{"line":7,"column":null}},"6":{"start":{"line":9,"column":13},"end":{"line":15,"column":null}},"7":{"start":{"line":10,"column":2},"end":{"line":13,"column":null}},"8":{"start":{"line":10,"column":32},"end":{"line":10,"column":35}},"9":{"start":{"line":10,"column":37},"end":{"line":10,"column":42}},"10":{"start":{"line":12,"column":4},"end":{"line":12,"column":null}},"11":{"start":{"line":14,"column":2},"end":{"line":14,"column":null}}},"fnMap":{"0":{"name":"(anonymous_0)","decl":{"start":{"line":1,"column":23},"end":{"line":1,"column":24}},"loc":{"start":{"line":1,"column":62},"end":{"line":5,"column":1}}},"1":{"name":"(anonymous_1)","decl":{"start":{"line":7,"column":27},"end":{"line":7,"column":28}},"loc":{"start":{"line":7,"column":46},"end":{"line":7,"column":52}}},"2":{"name":"(anonymous_2)","decl":{"start":{"line":9,"column":37},"end":{"line":9,"column":38}},"loc":{"start":{"line":9,"column":63},"end":{"line":15,"column":1}}},"3":{"name":"(anonymous_3)","decl":{"start":{"line":10,"column":30},"end":{"line":10,"column":31}},"loc":{"start":{"line":10,"column":43},"end":{"line":13,"column":3}}}},"branchMap":{"0":{"loc":{"start":{"line":4,"column":9},"end":{"line":4,"column":21}},"type":"binary-expr","locations":[{"start":{"line":4,"column":9},"end":{"line":4,"column":21}},{"start":{"line":4,"column":25},"end":{"line":4,"column":37}}]}},"s":{"0":3,"1":143,"2":143,"3":143,"4":3,"5":43,"6":3,"7":2,"8":8,"9":8,"10":8,"11":2},"f":{"0":143,"1":43,"2":2,"3":8},"b":{"0":[143,140]}}
,"/Users/ilariaventurini/accurat/colors-convert/src/types/types.ts": {"path":"/Users/ilariaventurini/accurat/colors-convert/src/types/types.ts","statementMap":{"0":{"start":{"line":1,"column":0},"end":{"line":1,"column":51}},"1":{"start":{"line":15,"column":14},"end":{"line":15,"column":52}},"2":{"start":{"line":16,"column":2},"end":{"line":16,"column":null}},"3":{"start":{"line":14,"column":0},"end":{"line":14,"column":16}},"4":{"start":{"line":21,"column":15},"end":{"line":21,"column":33}},"5":{"start":{"line":22,"column":2},"end":{"line":22,"column":null}},"6":{"start":{"line":22,"column":25},"end":{"line":22,"column":null}},"7":{"start":{"line":23,"column":2},"end":{"line":23,"column":null}},"8":{"start":{"line":23,"column":43},"end":{"line":23,"column":null}},"9":{"start":{"line":24,"column":18},"end":{"line":24,"column":41}},"10":{"start":{"line":24,"column":34},"end":{"line":24,"column":null}},"11":{"start":{"line":25,"column":12},"end":{"line":25,"column":28}},"12":{"start":{"line":26,"column":12},"end":{"line":26,"column":28}},"13":{"start":{"line":27,"column":12},"end":{"line":27,"column":28}},"14":{"start":{"line":28,"column":2},"end":{"line":28,"column":null}},"15":{"start":{"line":20,"column":0},"end":{"line":20,"column":16}},"16":{"start":{"line":35,"column":15},"end":{"line":35,"column":33}},"17":{"start":{"line":36,"column":2},"end":{"line":36,"column":null}},"18":{"start":{"line":36,"column":25},"end":{"line":36,"column":null}},"19":{"start":{"line":37,"column":2},"end":{"line":37,"column":null}},"20":{"start":{"line":37,"column":48},"end":{"line":37,"column":null}},"21":{"start":{"line":38,"column":18},"end":{"line":38,"column":41}},"22":{"start":{"line":38,"column":34},"end":{"line":38,"column":null}},"23":{"start":{"line":39,"column":12},"end":{"line":39,"column":28}},"24":{"start":{"line":40,"column":12},"end":{"line":40,"column":28}},"25":{"start":{"line":41,"column":12},"end":{"line":41,"column":28}},"26":{"start":{"line":42,"column":12},"end":{"line":42,"column":67}},"27":{"start":{"line":43,"column":2},"end":{"line":43,"column":null}},"28":{"start":{"line":34,"column":0},"end":{"line":34,"column":16}},"29":{"start":{"line":49,"column":15},"end":{"line":49,"column":33}},"30":{"start":{"line":50,"column":2},"end":{"line":50,"column":null}},"31":{"start":{"line":50,"column":25},"end":{"line":50,"column":null}},"32":{"start":{"line":51,"column":2},"end":{"line":51,"column":null}},"33":{"start":{"line":51,"column":48},"end":{"line":51,"column":null}},"34":{"start":{"line":52,"column":18},"end":{"line":52,"column":41}},"35":{"start":{"line":52,"column":34},"end":{"line":52,"column":null}},"36":{"start":{"line":53,"column":12},"end":{"line":53,"column":28}},"37":{"start":{"line":54,"column":12},"end":{"line":54,"column":28}},"38":{"start":{"line":55,"column":12},"end":{"line":55,"column":28}},"39":{"start":{"line":56,"column":12},"end":{"line":56,"column":28}},"40":{"start":{"line":57,"column":2},"end":{"line":57,"column":null}},"41":{"start":{"line":48,"column":0},"end":{"line":48,"column":16}},"42":{"start":{"line":61,"column":2},"end":{"line":61,"column":null}},"43":{"start":{"line":60,"column":0},"end":{"line":60,"column":16}}},"fnMap":{"0":{"name":"isHex","decl":{"start":{"line":14,"column":16},"end":{"line":14,"column":21}},"loc":{"start":{"line":14,"column":32},"end":{"line":17,"column":1}}},"1":{"name":"isRgb","decl":{"start":{"line":20,"column":16},"end":{"line":20,"column":21}},"loc":{"start":{"line":20,"column":32},"end":{"line":29,"column":1}}},"2":{"name":"(anonymous_2)","decl":{"start":{"line":24,"column":18},"end":{"line":24,"column":19}},"loc":{"start":{"line":24,"column":29},"end":{"line":24,"column":41}}},"3":{"name":"isRgba","decl":{"start":{"line":34,"column":16},"end":{"line":34,"column":22}},"loc":{"start":{"line":34,"column":33},"end":{"line":44,"column":1}}},"4":{"name":"(anonymous_4)","decl":{"start":{"line":38,"column":18},"end":{"line":38,"column":19}},"loc":{"start":{"line":38,"column":29},"end":{"line":38,"column":41}}},"5":{"name":"isCmyk","decl":{"start":{"line":48,"column":16},"end":{"line":48,"column":22}},"loc":{"start":{"line":48,"column":33},"end":{"line":58,"column":1}}},"6":{"name":"(anonymous_6)","decl":{"start":{"line":52,"column":18},"end":{"line":52,"column":19}},"loc":{"start":{"line":52,"column":29},"end":{"line":52,"column":41}}},"7":{"name":"isColor","decl":{"start":{"line":60,"column":16},"end":{"line":60,"column":23}},"loc":{"start":{"line":60,"column":34},"end":{"line":62,"column":1}}}},"branchMap":{"0":{"loc":{"start":{"line":22,"column":2},"end":{"line":22,"column":null}},"type":"if","locations":[{"start":{"line":22,"column":2},"end":{"line":22,"column":null}},{"start":{"line":22,"column":2},"end":{"line":22,"column":null}}]},"1":{"loc":{"start":{"line":23,"column":2},"end":{"line":23,"column":null}},"type":"if","locations":[{"start":{"line":23,"column":2},"end":{"line":23,"column":null}},{"start":{"line":23,"column":2},"end":{"line":23,"column":null}}]},"2":{"loc":{"start":{"line":24,"column":34},"end":{"line":24,"column":59}},"type":"binary-expr","locations":[{"start":{"line":24,"column":34},"end":{"line":24,"column":59}},{"start":{"line":24,"column":63},"end":{"line":24,"column":87}}]},"3":{"loc":{"start":{"line":28,"column":9},"end":{"line":28,"column":10}},"type":"binary-expr","locations":[{"start":{"line":28,"column":9},"end":{"line":28,"column":10}},{"start":{"line":28,"column":14},"end":{"line":28,"column":15}},{"start":{"line":28,"column":19},"end":{"line":28,"column":20}}]},"4":{"loc":{"start":{"line":36,"column":2},"end":{"line":36,"column":null}},"type":"if","locations":[{"start":{"line":36,"column":2},"end":{"line":36,"column":null}},{"start":{"line":36,"column":2},"end":{"line":36,"column":null}}]},"5":{"loc":{"start":{"line":37,"column":2},"end":{"line":37,"column":null}},"type":"if","locations":[{"start":{"line":37,"column":2},"end":{"line":37,"column":null}},{"start":{"line":37,"column":2},"end":{"line":37,"column":null}}]},"6":{"loc":{"start":{"line":38,"column":34},"end":{"line":38,"column":59}},"type":"binary-expr","locations":[{"start":{"line":38,"column":34},"end":{"line":38,"column":59}},{"start":{"line":38,"column":63},"end":{"line":38,"column":87}}]},"7":{"loc":{"start":{"line":42,"column":12},"end":{"line":42,"column":39}},"type":"binary-expr","locations":[{"start":{"line":42,"column":12},"end":{"line":42,"column":39}},{"start":{"line":42,"column":43},"end":{"line":42,"column":67}}]},"8":{"loc":{"start":{"line":43,"column":9},"end":{"line":43,"column":10}},"type":"binary-expr","locations":[{"start":{"line":43,"column":9},"end":{"line":43,"column":10}},{"start":{"line":43,"column":14},"end":{"line":43,"column":15}},{"start":{"line":43,"column":19},"end":{"line":43,"column":20}},{"start":{"line":43,"column":24},"end":{"line":43,"column":25}}]},"9":{"loc":{"start":{"line":50,"column":2},"end":{"line":50,"column":null}},"type":"if","locations":[{"start":{"line":50,"column":2},"end":{"line":50,"column":null}},{"start":{"line":50,"column":2},"end":{"line":50,"column":null}}]},"10":{"loc":{"start":{"line":51,"column":2},"end":{"line":51,"column":null}},"type":"if","locations":[{"start":{"line":51,"column":2},"end":{"line":51,"column":null}},{"start":{"line":51,"column":2},"end":{"line":51,"column":null}}]},"11":{"loc":{"start":{"line":52,"column":34},"end":{"line":52,"column":59}},"type":"binary-expr","locations":[{"start":{"line":52,"column":34},"end":{"line":52,"column":59}},{"start":{"line":52,"column":63},"end":{"line":52,"column":87}}]},"12":{"loc":{"start":{"line":57,"column":9},"end":{"line":57,"column":10}},"type":"binary-expr","locations":[{"start":{"line":57,"column":9},"end":{"line":57,"column":10}},{"start":{"line":57,"column":14},"end":{"line":57,"column":15}},{"start":{"line":57,"column":19},"end":{"line":57,"column":20}},{"start":{"line":57,"column":24},"end":{"line":57,"column":25}}]},"13":{"loc":{"start":{"line":61,"column":9},"end":{"line":61,"column":21}},"type":"binary-expr","locations":[{"start":{"line":61,"column":9},"end":{"line":61,"column":21}},{"start":{"line":61,"column":25},"end":{"line":61,"column":37}},{"start":{"line":61,"column":41},"end":{"line":61,"column":54}},{"start":{"line":61,"column":58},"end":{"line":61,"column":71}}]}},"s":{"0":3,"1":48,"2":48,"3":3,"4":32,"5":32,"6":14,"7":18,"8":0,"9":18,"10":54,"11":18,"12":18,"13":18,"14":18,"15":3,"16":20,"17":20,"18":5,"19":15,"20":4,"21":11,"22":33,"23":11,"24":11,"25":11,"26":11,"27":11,"28":3,"29":15,"30":15,"31":5,"32":10,"33":0,"34":10,"35":40,"36":10,"37":10,"38":10,"39":10,"40":10,"41":3,"42":10,"43":3},"f":{"0":48,"1":32,"2":54,"3":20,"4":33,"5":15,"6":40,"7":10},"b":{"0":[14,18],"1":[0,18],"2":[54,53],"3":[18,15,15],"4":[5,15],"5":[4,11],"6":[33,32],"7":[11,11],"8":[11,8,8,8],"9":[5,10],"10":[0,10],"11":[40,39],"12":[10,7,7,7],"13":[10,7,5,3]}}
}
