TN:
SF:/Users/ilariaventurini/accurat/colors-convert/dist/index.js
FNF:0
FNH:0
DA:2,3
DA:3,3
DA:4,3
DA:5,3
DA:6,3
DA:7,3
DA:8,3
DA:9,3
DA:10,3
DA:11,3
DA:12,3
DA:13,3
DA:14,3
DA:15,3
DA:16,3
DA:17,3
DA:18,3
LF:17
LH:17
BRF:0
BRH:0
end_of_record
TN:
SF:/Users/ilariaventurini/accurat/colors-convert/dist/lib/color-utils.js
FN:2,(anonymous_0)
FN:3,(anonymous_1)
FN:18,(anonymous_2)
FN:39,(anonymous_3)
FN:60,(anonymous_4)
FN:80,(anonymous_5)
FN:80,(anonymous_6)
FN:85,(anonymous_7)
FN:105,(anonymous_8)
FN:111,(anonymous_9)
FN:120,(anonymous_10)
FN:135,(anonymous_11)
FNF:12
FNH:11
FNDA:2,(anonymous_0)
FNDA:0,(anonymous_1)
FNDA:4,(anonymous_2)
FNDA:4,(anonymous_3)
FNDA:11,(anonymous_4)
FNDA:3,(anonymous_5)
FNDA:3,(anonymous_6)
FNDA:9,(anonymous_7)
FNDA:2,(anonymous_8)
FNDA:6,(anonymous_9)
FNDA:3,(anonymous_10)
FNDA:4,(anonymous_11)
DA:2,3
DA:3,2
DA:4,0
DA:5,0
DA:6,0
DA:7,0
DA:9,0
DA:11,2
DA:13,3
DA:14,3
DA:15,3
DA:16,3
DA:18,3
DA:19,4
DA:20,0
DA:22,4
DA:23,1
DA:25,3
DA:26,1
DA:28,2
DA:29,1
DA:31,1
DA:32,1
DA:35,0
DA:39,3
DA:40,4
DA:41,0
DA:43,4
DA:44,1
DA:46,3
DA:47,1
DA:49,2
DA:50,1
DA:52,1
DA:53,1
DA:56,0
DA:60,3
DA:61,11
DA:62,0
DA:64,11
DA:66,11
DA:67,11
DA:68,10
DA:69,10
DA:70,10
DA:71,3
DA:72,3
DA:75,7
DA:80,3
DA:81,1
DA:85,3
DA:86,9
DA:87,9
DA:88,0
DA:90,9
DA:91,0
DA:93,9
DA:94,9
DA:95,7
DA:97,2
DA:98,2
DA:101,0
DA:105,3
DA:106,2
DA:107,0
DA:109,2
DA:110,2
DA:112,6
DA:113,6
DA:114,6
DA:117,2
DA:120,3
DA:121,3
DA:122,0
DA:124,3
DA:125,0
DA:127,3
DA:128,3
DA:129,3
DA:130,3
DA:135,3
DA:136,4
DA:137,0
DA:139,4
DA:140,4
DA:141,4
DA:142,4
DA:143,4
DA:144,4
DA:145,3
DA:146,3
DA:148,1
DA:149,1
DA:150,1
DA:151,1
DA:152,1
DA:153,1
DA:154,1
DA:155,1
DA:156,1
LF:100
LH:83
BRDA:2,0,0,3
BRDA:2,0,1,3
BRDA:2,0,2,3
BRDA:3,1,0,2
BRDA:3,1,1,0
BRDA:6,2,0,0
BRDA:6,2,1,0
BRDA:19,3,0,0
BRDA:19,3,1,4
BRDA:22,4,0,1
BRDA:22,4,1,3
BRDA:25,5,0,1
BRDA:25,5,1,2
BRDA:28,6,0,1
BRDA:28,6,1,1
BRDA:31,7,0,1
BRDA:31,7,1,0
BRDA:40,8,0,0
BRDA:40,8,1,4
BRDA:43,9,0,1
BRDA:43,9,1,3
BRDA:46,10,0,1
BRDA:46,10,1,2
BRDA:49,11,0,1
BRDA:49,11,1,1
BRDA:52,12,0,1
BRDA:52,12,1,0
BRDA:61,13,0,0
BRDA:61,13,1,11
BRDA:66,14,0,11
BRDA:66,14,1,0
BRDA:67,15,0,10
BRDA:67,15,1,1
BRDA:70,16,0,3
BRDA:70,16,1,7
BRDA:86,17,0,6
BRDA:86,17,1,3
BRDA:87,18,0,0
BRDA:87,18,1,9
BRDA:90,19,0,0
BRDA:90,19,1,9
BRDA:94,20,0,7
BRDA:94,20,1,2
BRDA:97,21,0,2
BRDA:97,21,1,0
BRDA:106,22,0,0
BRDA:106,22,1,2
BRDA:113,23,0,3
BRDA:113,23,1,3
BRDA:121,24,0,0
BRDA:121,24,1,3
BRDA:124,25,0,0
BRDA:124,25,1,3
BRDA:129,26,0,1
BRDA:129,26,1,2
BRDA:136,27,0,0
BRDA:136,27,1,4
BRDA:144,28,0,3
BRDA:144,28,1,1
BRDA:144,29,0,4
BRDA:144,29,1,3
BRDA:144,29,2,3
BRF:62
BRH:46
end_of_record
TN:
SF:/Users/ilariaventurini/accurat/colors-convert/dist/lib/random.js
FN:7,(anonymous_0)
FNF:1
FNH:1
FNDA:1,(anonymous_0)
DA:2,3
DA:7,3
DA:8,1
DA:9,1
DA:10,1
DA:11,6
DA:13,1
LF:7
LH:7
BRF:0
BRH:0
end_of_record
TN:
SF:/Users/ilariaventurini/accurat/colors-convert/dist/lib/utils.js
FN:3,(anonymous_0)
FN:8,(anonymous_1)
FNF:2
FNH:2
FNDA:147,(anonymous_0)
FNDA:43,(anonymous_1)
DA:2,3
DA:3,3
DA:4,147
DA:5,147
DA:6,147
DA:8,43
LF:6
LH:6
BRDA:6,0,0,147
BRDA:6,0,1,144
BRF:2
BRH:2
end_of_record
TN:
SF:/Users/ilariaventurini/accurat/colors-convert/dist/types/types.js
FN:8,isHex
FN:14,isRgb
FN:20,(anonymous_2)
FN:30,isRgba
FN:36,(anonymous_4)
FN:46,isCmyk
FN:52,(anonymous_6)
FN:60,isColor
FNF:8
FNH:8
FNDA:60,isHex
FNDA:33,isRgb
FNDA:54,(anonymous_2)
FNDA:21,isRgba
FNDA:36,(anonymous_4)
FNDA:14,isCmyk
FNDA:36,(anonymous_6)
FNDA:10,isColor
DA:2,3
DA:3,3
DA:9,60
DA:10,60
DA:12,3
DA:15,33
DA:16,33
DA:17,15
DA:18,18
DA:19,0
DA:20,54
DA:21,18
DA:22,18
DA:23,18
DA:24,18
DA:26,3
DA:31,21
DA:32,21
DA:33,5
DA:34,16
DA:35,4
DA:36,36
DA:37,12
DA:38,12
DA:39,12
DA:40,12
DA:41,12
DA:43,3
DA:47,14
DA:48,14
DA:49,5
DA:50,9
DA:51,0
DA:52,36
DA:53,9
DA:54,9
DA:55,9
DA:56,9
DA:57,9
DA:59,3
DA:61,10
DA:63,3
LF:42
LH:40
BRDA:16,0,0,15
BRDA:16,0,1,18
BRDA:18,1,0,0
BRDA:18,1,1,18
BRDA:20,2,0,54
BRDA:20,2,1,53
BRDA:24,3,0,18
BRDA:24,3,1,15
BRDA:24,3,2,15
BRDA:32,4,0,5
BRDA:32,4,1,16
BRDA:34,5,0,4
BRDA:34,5,1,12
BRDA:36,6,0,36
BRDA:36,6,1,35
BRDA:40,7,0,12
BRDA:40,7,1,12
BRDA:41,8,0,12
BRDA:41,8,1,9
BRDA:41,8,2,9
BRDA:41,8,3,9
BRDA:48,9,0,5
BRDA:48,9,1,9
BRDA:50,10,0,0
BRDA:50,10,1,9
BRDA:52,11,0,36
BRDA:52,11,1,35
BRDA:57,12,0,9
BRDA:57,12,1,6
BRDA:57,12,2,6
BRDA:57,12,3,6
BRDA:61,13,0,10
BRDA:61,13,1,7
BRDA:61,13,2,5
BRDA:61,13,3,3
BRF:35
BRH:33
end_of_record
TN:
SF:/Users/ilariaventurini/accurat/colors-convert/src/index.ts
FNF:0
FNH:0
DA:1,3
DA:2,3
DA:3,3
DA:4,3
DA:5,3
DA:6,3
DA:7,3
DA:8,3
DA:9,3
DA:11,3
LF:10
LH:10
BRF:0
BRH:0
end_of_record
TN:
SF:/Users/ilariaventurini/accurat/colors-convert/src/lib/color-utils.ts
FN:6,(anonymous_2)
FN:25,(anonymous_3)
FN:44,(anonymous_4)
FN:63,(anonymous_5)
FN:69,(anonymous_7)
FN:89,(anonymous_8)
FN:96,(anonymous_9)
FN:106,(anonymous_10)
FN:124,(anonymous_11)
FNF:9
FNH:9
FNDA:4,(anonymous_2)
FNDA:4,(anonymous_3)
FNDA:10,(anonymous_4)
FNDA:6,(anonymous_5)
FNDA:8,(anonymous_7)
FNDA:2,(anonymous_8)
FNDA:6,(anonymous_9)
FNDA:3,(anonymous_10)
FNDA:3,(anonymous_11)
DA:1,3
DA:2,3
DA:3,3
DA:6,3
DA:7,4
DA:8,0
DA:11,4
DA:12,1
DA:13,3
DA:14,1
DA:15,2
DA:16,1
DA:17,1
DA:18,1
DA:20,0
DA:25,3
DA:26,4
DA:27,0
DA:30,4
DA:31,1
DA:32,3
DA:33,1
DA:34,2
DA:35,1
DA:36,1
DA:37,1
DA:39,0
DA:44,3
DA:45,10
DA:46,0
DA:49,10
DA:51,10
DA:52,10
DA:53,9
DA:54,9
DA:55,9
DA:56,2
DA:57,2
DA:59,7
DA:63,7
DA:64,1
DA:69,13
DA:70,8
DA:71,0
DA:74,8
DA:75,0
DA:78,8
DA:79,8
DA:80,7
DA:81,1
DA:82,1
DA:84,0
DA:89,3
DA:90,2
DA:91,0
DA:94,2
DA:95,2
DA:97,6
DA:98,6
DA:99,6
DA:102,2
DA:106,3
DA:107,3
DA:108,0
DA:111,3
DA:112,0
DA:115,3
DA:116,3
DA:117,3
DA:118,3
DA:124,3
DA:125,3
DA:126,0
DA:129,3
DA:131,3
DA:132,3
DA:133,3
DA:134,3
DA:135,3
DA:136,3
DA:137,2
DA:138,2
DA:140,1
DA:141,1
DA:142,1
DA:143,1
DA:144,1
DA:145,1
DA:146,1
DA:147,1
DA:148,1
LF:91
LH:79
BRDA:7,0,0,0
BRDA:7,0,1,4
BRDA:11,1,0,1
BRDA:11,1,1,3
BRDA:13,2,0,1
BRDA:13,2,1,2
BRDA:15,3,0,1
BRDA:15,3,1,1
BRDA:17,4,0,1
BRDA:17,4,1,0
BRDA:26,5,0,0
BRDA:26,5,1,4
BRDA:30,6,0,1
BRDA:30,6,1,3
BRDA:32,7,0,1
BRDA:32,7,1,2
BRDA:34,8,0,1
BRDA:34,8,1,1
BRDA:36,9,0,1
BRDA:36,9,1,0
BRDA:45,10,0,0
BRDA:45,10,1,10
BRDA:51,11,0,10
BRDA:51,11,1,0
BRDA:52,12,0,9
BRDA:52,12,1,1
BRDA:55,13,0,2
BRDA:55,13,1,7
BRDA:69,14,0,5
BRDA:69,14,1,3
BRDA:70,15,0,0
BRDA:70,15,1,8
BRDA:74,16,0,0
BRDA:74,16,1,8
BRDA:79,17,0,7
BRDA:79,17,1,1
BRDA:81,18,0,1
BRDA:81,18,1,0
BRDA:90,19,0,0
BRDA:90,19,1,2
BRDA:98,20,0,3
BRDA:98,20,1,3
BRDA:107,21,0,0
BRDA:107,21,1,3
BRDA:111,22,0,0
BRDA:111,22,1,3
BRDA:117,23,0,1
BRDA:117,23,1,2
BRDA:125,24,0,0
BRDA:125,24,1,3
BRDA:136,25,0,2
BRDA:136,25,1,1
BRDA:136,26,0,3
BRDA:136,26,1,2
BRDA:136,26,2,2
BRF:55
BRH:42
end_of_record
TN:
SF:/Users/ilariaventurini/accurat/colors-convert/src/lib/random.ts
FN:7,(anonymous_0)
FNF:1
FNH:1
FNDA:1,(anonymous_0)
DA:7,3
DA:8,1
DA:9,1
DA:10,1
DA:11,6
DA:13,1
LF:6
LH:6
BRF:0
BRH:0
end_of_record
TN:
SF:/Users/ilariaventurini/accurat/colors-convert/src/lib/utils.ts
FN:1,(anonymous_0)
FN:7,(anonymous_1)
FNF:2
FNH:2
FNDA:142,(anonymous_0)
FNDA:42,(anonymous_1)
DA:1,3
DA:2,142
DA:3,142
DA:4,142
DA:7,42
LF:5
LH:5
BRDA:4,0,0,142
BRDA:4,0,1,139
BRF:2
BRH:2
end_of_record
TN:
SF:/Users/ilariaventurini/accurat/colors-convert/src/types/types.ts
FN:14,isHex
FN:20,isRgb
FN:24,(anonymous_2)
FN:34,isRgba
FN:38,(anonymous_4)
FN:48,isCmyk
FN:52,(anonymous_6)
FN:60,isColor
FNF:8
FNH:8
FNDA:57,isHex
FNDA:32,isRgb
FNDA:54,(anonymous_2)
FNDA:20,isRgba
FNDA:33,(anonymous_4)
FNDA:14,isCmyk
FNDA:36,(anonymous_6)
FNDA:10,isColor
DA:1,3
DA:14,3
DA:15,57
DA:16,57
DA:20,3
DA:21,32
DA:22,32
DA:23,18
DA:24,54
DA:25,18
DA:26,18
DA:27,18
DA:28,18
DA:34,3
DA:35,20
DA:36,20
DA:37,15
DA:38,33
DA:39,11
DA:40,11
DA:41,11
DA:42,11
DA:43,11
DA:48,3
DA:49,14
DA:50,14
DA:51,9
DA:52,36
DA:53,9
DA:54,9
DA:55,9
DA:56,9
DA:57,9
DA:60,3
DA:61,10
LF:35
LH:35
BRDA:22,0,0,14
BRDA:22,0,1,18
BRDA:23,1,0,0
BRDA:23,1,1,18
BRDA:24,2,0,54
BRDA:24,2,1,53
BRDA:28,3,0,18
BRDA:28,3,1,15
BRDA:28,3,2,15
BRDA:36,4,0,5
BRDA:36,4,1,15
BRDA:37,5,0,4
BRDA:37,5,1,11
BRDA:38,6,0,33
BRDA:38,6,1,32
BRDA:42,7,0,11
BRDA:42,7,1,11
BRDA:43,8,0,11
BRDA:43,8,1,8
BRDA:43,8,2,8
BRDA:43,8,3,8
BRDA:50,9,0,5
BRDA:50,9,1,9
BRDA:51,10,0,0
BRDA:51,10,1,9
BRDA:52,11,0,36
BRDA:52,11,1,35
BRDA:57,12,0,9
BRDA:57,12,1,6
BRDA:57,12,2,6
BRDA:57,12,3,6
BRDA:61,13,0,10
BRDA:61,13,1,7
BRDA:61,13,2,5
BRDA:61,13,3,3
BRF:35
BRH:33
end_of_record
