TN:
SF:/Users/ilariaventurini/accurat/colors-convert/src/index.ts
FNF:0
FNH:0
DA:1,3
DA:2,3
DA:3,3
DA:4,3
DA:5,3
DA:6,3
DA:7,3
DA:8,3
DA:9,3
DA:10,3
DA:12,3
LF:11
LH:11
BRF:0
BRH:0
end_of_record
TN:
SF:/Users/ilariaventurini/accurat/colors-convert/src/lib/color-utils.ts
FN:6,(anonymous_2)
FN:25,(anonymous_3)
FN:44,(anonymous_4)
FN:63,(anonymous_5)
FN:69,(anonymous_7)
FN:89,(anonymous_8)
FN:96,(anonymous_9)
FN:106,(anonymous_10)
FN:122,(anonymous_11)
FN:143,(anonymous_12)
FN:149,(anonymous_13)
FNF:11
FNH:11
FNDA:4,(anonymous_2)
FNDA:4,(anonymous_3)
FNDA:12,(anonymous_4)
FNDA:6,(anonymous_5)
FNDA:5,(anonymous_7)
FNDA:2,(anonymous_8)
FNDA:6,(anonymous_9)
FNDA:3,(anonymous_10)
FNDA:8,(anonymous_11)
FNDA:16,(anonymous_12)
FNDA:5,(anonymous_13)
DA:1,3
DA:2,3
DA:3,3
DA:6,3
DA:7,4
DA:8,0
DA:11,4
DA:12,1
DA:13,3
DA:14,1
DA:15,2
DA:16,1
DA:17,1
DA:18,1
DA:20,0
DA:25,3
DA:26,4
DA:27,0
DA:30,4
DA:31,1
DA:32,3
DA:33,1
DA:34,2
DA:35,1
DA:36,1
DA:37,1
DA:39,0
DA:44,3
DA:45,12
DA:46,0
DA:49,12
DA:51,12
DA:52,12
DA:53,11
DA:54,11
DA:55,11
DA:56,2
DA:57,2
DA:59,9
DA:63,7
DA:64,1
DA:69,7
DA:70,5
DA:71,0
DA:74,5
DA:75,0
DA:78,5
DA:79,5
DA:80,4
DA:81,1
DA:82,1
DA:84,0
DA:89,3
DA:90,2
DA:91,0
DA:94,2
DA:95,2
DA:97,6
DA:98,6
DA:99,6
DA:102,2
DA:106,3
DA:107,3
DA:108,0
DA:111,3
DA:112,0
DA:115,3
DA:116,3
DA:117,3
DA:118,3
DA:122,3
DA:123,8
DA:124,0
DA:127,8
DA:130,8
DA:131,8
DA:132,8
DA:134,8
DA:135,4
DA:138,4
DA:139,4
DA:140,4
DA:141,4
DA:143,16
DA:145,4
DA:149,3
DA:150,5
DA:151,0
DA:155,5
DA:156,5
DA:157,5
DA:159,5
LF:92
LH:79
BRDA:7,0,0,0
BRDA:7,0,1,4
BRDA:11,1,0,1
BRDA:11,1,1,3
BRDA:13,2,0,1
BRDA:13,2,1,2
BRDA:15,3,0,1
BRDA:15,3,1,1
BRDA:17,4,0,1
BRDA:17,4,1,0
BRDA:26,5,0,0
BRDA:26,5,1,4
BRDA:30,6,0,1
BRDA:30,6,1,3
BRDA:32,7,0,1
BRDA:32,7,1,2
BRDA:34,8,0,1
BRDA:34,8,1,1
BRDA:36,9,0,1
BRDA:36,9,1,0
BRDA:45,10,0,0
BRDA:45,10,1,12
BRDA:51,11,0,12
BRDA:51,11,1,0
BRDA:52,12,0,11
BRDA:52,12,1,1
BRDA:55,13,0,2
BRDA:55,13,1,9
BRDA:69,14,0,2
BRDA:69,14,1,3
BRDA:70,15,0,0
BRDA:70,15,1,5
BRDA:74,16,0,0
BRDA:74,16,1,5
BRDA:79,17,0,4
BRDA:79,17,1,1
BRDA:81,18,0,1
BRDA:81,18,1,0
BRDA:90,19,0,0
BRDA:90,19,1,2
BRDA:98,20,0,3
BRDA:98,20,1,3
BRDA:107,21,0,0
BRDA:107,21,1,3
BRDA:111,22,0,0
BRDA:111,22,1,3
BRDA:117,23,0,1
BRDA:117,23,1,2
BRDA:123,24,0,0
BRDA:123,24,1,8
BRDA:134,25,0,4
BRDA:134,25,1,4
BRDA:134,26,0,8
BRDA:134,26,1,4
BRDA:134,26,2,4
BRDA:150,27,0,0
BRDA:150,27,1,5
BRF:57
BRH:43
end_of_record
TN:
SF:/Users/ilariaventurini/accurat/colors-convert/src/lib/random.ts
FN:7,(anonymous_0)
FNF:1
FNH:1
FNDA:1,(anonymous_0)
DA:7,3
DA:8,1
DA:9,1
DA:10,1
DA:11,6
DA:13,1
LF:6
LH:6
BRF:0
BRH:0
end_of_record
TN:
SF:/Users/ilariaventurini/accurat/colors-convert/src/lib/utils.ts
FN:1,(anonymous_0)
FN:7,(anonymous_1)
FN:9,(anonymous_2)
FN:10,(anonymous_3)
FNF:4
FNH:4
FNDA:158,(anonymous_0)
FNDA:48,(anonymous_1)
FNDA:4,(anonymous_2)
FNDA:16,(anonymous_3)
DA:1,3
DA:2,158
DA:3,158
DA:4,158
DA:7,48
DA:9,3
DA:10,16
DA:12,16
DA:14,4
LF:9
LH:9
BRDA:4,0,0,158
BRDA:4,0,1,155
BRF:2
BRH:2
end_of_record
TN:
SF:/Users/ilariaventurini/accurat/colors-convert/src/types/types.ts
FN:14,isHex
FN:20,isRgb
FN:24,(anonymous_2)
FN:34,isRgba
FN:38,(anonymous_4)
FN:48,isCmyk
FN:52,(anonymous_6)
FN:60,isColor
FNF:8
FNH:8
FNDA:58,isHex
FNDA:37,isRgb
FNDA:69,(anonymous_2)
FNDA:20,isRgba
FNDA:33,(anonymous_4)
FNDA:15,isCmyk
FNDA:40,(anonymous_6)
FNDA:10,isColor
DA:1,3
DA:14,3
DA:15,58
DA:16,58
DA:20,3
DA:21,37
DA:22,37
DA:23,23
DA:24,69
DA:25,23
DA:26,23
DA:27,23
DA:28,23
DA:34,3
DA:35,20
DA:36,20
DA:37,15
DA:38,33
DA:39,11
DA:40,11
DA:41,11
DA:42,11
DA:43,11
DA:48,3
DA:49,15
DA:50,15
DA:51,10
DA:52,40
DA:53,10
DA:54,10
DA:55,10
DA:56,10
DA:57,10
DA:60,3
DA:61,10
LF:35
LH:35
BRDA:22,0,0,14
BRDA:22,0,1,23
BRDA:23,1,0,0
BRDA:23,1,1,23
BRDA:24,2,0,69
BRDA:24,2,1,68
BRDA:28,3,0,23
BRDA:28,3,1,20
BRDA:28,3,2,20
BRDA:36,4,0,5
BRDA:36,4,1,15
BRDA:37,5,0,4
BRDA:37,5,1,11
BRDA:38,6,0,33
BRDA:38,6,1,32
BRDA:42,7,0,11
BRDA:42,7,1,11
BRDA:43,8,0,11
BRDA:43,8,1,8
BRDA:43,8,2,8
BRDA:43,8,3,8
BRDA:50,9,0,5
BRDA:50,9,1,10
BRDA:51,10,0,0
BRDA:51,10,1,10
BRDA:52,11,0,40
BRDA:52,11,1,39
BRDA:57,12,0,10
BRDA:57,12,1,7
BRDA:57,12,2,7
BRDA:57,12,3,7
BRDA:61,13,0,10
BRDA:61,13,1,7
BRDA:61,13,2,5
BRDA:61,13,3,3
BRF:35
BRH:33
end_of_record
